<?xml version="1.0" encoding="UTF-8"?>
<coverage generated="1701965713922" clover="3.2.0">
  <project timestamp="1701965713922" name="All files">
    <metrics statements="233" coveredstatements="226" conditionals="67" coveredconditionals="62" methods="72" coveredmethods="71" elements="372" coveredelements="359" complexity="0" loc="233" ncloc="233" packages="3" files="11" classes="11"/>
    <package name="src">
      <metrics statements="138" coveredstatements="134" conditionals="40" coveredconditionals="36" methods="58" coveredmethods="58"/>
      <file name="index.ts" path="/Users/ribo/Projects/personal/pluto-encrypted/packages/database/src/index.ts">
        <metrics statements="138" coveredstatements="134" conditionals="40" coveredconditionals="36" methods="58" coveredmethods="58"/>
        <line num="48" count="1" type="stmt"/>
        <line num="49" count="1" type="stmt"/>
        <line num="51" count="1" type="stmt"/>
        <line num="81" count="278" type="cond" truecount="1" falsecount="1"/>
        <line num="82" count="0" type="stmt"/>
        <line num="84" count="278" type="stmt"/>
        <line num="90" count="2" type="stmt"/>
        <line num="94" count="33" type="stmt"/>
        <line num="95" count="33" type="stmt"/>
        <line num="96" count="297" type="stmt"/>
        <line num="98" count="33" type="stmt"/>
        <line num="109" count="70" type="stmt"/>
        <line num="110" count="70" type="cond" truecount="1" falsecount="1"/>
        <line num="111" count="0" type="stmt"/>
        <line num="113" count="70" type="stmt"/>
        <line num="120" count="70" type="stmt"/>
        <line num="122" count="70" type="cond" truecount="2" falsecount="0"/>
        <line num="123" count="2" type="stmt"/>
        <line num="126" count="70" type="stmt"/>
        <line num="130" count="6" type="stmt"/>
        <line num="131" count="6" type="cond" truecount="2" falsecount="0"/>
        <line num="132" count="4" type="stmt"/>
        <line num="134" count="2" type="stmt"/>
        <line num="138" count="14" type="stmt"/>
        <line num="143" count="14" type="cond" truecount="2" falsecount="0"/>
        <line num="144" count="2" type="stmt"/>
        <line num="150" count="12" type="stmt"/>
        <line num="159" count="8" type="stmt"/>
        <line num="163" count="4" type="stmt"/>
        <line num="164" count="4" type="stmt"/>
        <line num="168" count="70" type="stmt"/>
        <line num="169" count="70" type="stmt"/>
        <line num="170" count="70" type="stmt"/>
        <line num="171" count="70" type="stmt"/>
        <line num="203" count="70" type="stmt"/>
        <line num="206" count="0" type="cond" truecount="0" falsecount="1"/>
        <line num="207" count="0" type="stmt"/>
        <line num="220" count="10" type="stmt"/>
        <line num="227" count="10" type="stmt"/>
        <line num="239" count="2" type="stmt"/>
        <line num="246" count="2" type="stmt"/>
        <line num="248" count="4" type="stmt"/>
        <line num="253" count="4" type="stmt"/>
        <line num="279" count="8" type="stmt"/>
        <line num="292" count="10" type="stmt"/>
        <line num="297" count="10" type="stmt"/>
        <line num="322" count="4" type="stmt"/>
        <line num="323" count="4" type="stmt"/>
        <line num="324" count="4" type="stmt"/>
        <line num="326" count="2" type="stmt"/>
        <line num="331" count="4" type="stmt"/>
        <line num="332" count="4" type="stmt"/>
        <line num="346" count="4" type="cond" truecount="2" falsecount="0"/>
        <line num="356" count="4" type="stmt"/>
        <line num="357" count="4" type="stmt"/>
        <line num="368" count="4" type="cond" truecount="2" falsecount="0"/>
        <line num="380" count="30" type="stmt"/>
        <line num="384" count="30" type="stmt"/>
        <line num="388" count="30" type="stmt"/>
        <line num="392" count="4" type="stmt"/>
        <line num="393" count="4" type="cond" truecount="2" falsecount="0"/>
        <line num="401" count="4" type="stmt"/>
        <line num="410" count="12" type="stmt"/>
        <line num="412" count="12" type="stmt"/>
        <line num="414" count="12" type="stmt"/>
        <line num="415" count="12" type="stmt"/>
        <line num="419" count="12" type="stmt"/>
        <line num="420" count="12" type="stmt"/>
        <line num="422" count="12" type="stmt"/>
        <line num="432" count="12" type="stmt"/>
        <line num="437" count="8" type="stmt"/>
        <line num="442" count="8" type="cond" truecount="2" falsecount="0"/>
        <line num="443" count="6" type="stmt"/>
        <line num="447" count="6" type="cond" truecount="1" falsecount="0"/>
        <line num="452" count="4" type="stmt"/>
        <line num="455" count="4" type="cond" truecount="2" falsecount="0"/>
        <line num="456" count="4" type="stmt"/>
        <line num="463" count="2" type="stmt"/>
        <line num="467" count="2" type="stmt"/>
        <line num="468" count="2" type="stmt"/>
        <line num="469" count="2" type="stmt"/>
        <line num="470" count="2" type="stmt"/>
        <line num="473" count="2" type="stmt"/>
        <line num="474" count="2" type="stmt"/>
        <line num="475" count="2" type="stmt"/>
        <line num="484" count="2" type="stmt"/>
        <line num="488" count="2" type="stmt"/>
        <line num="501" count="2" type="stmt"/>
        <line num="505" count="2" type="stmt"/>
        <line num="515" count="2" type="stmt"/>
        <line num="519" count="2" type="stmt"/>
        <line num="529" count="2" type="stmt"/>
        <line num="533" count="2" type="stmt"/>
        <line num="546" count="2" type="stmt"/>
        <line num="550" count="2" type="stmt"/>
        <line num="563" count="2" type="stmt"/>
        <line num="570" count="4" type="stmt"/>
        <line num="575" count="4" type="cond" truecount="2" falsecount="0"/>
        <line num="576" count="2" type="stmt"/>
        <line num="587" count="4" type="stmt"/>
        <line num="593" count="6" type="stmt"/>
        <line num="600" count="2" type="stmt"/>
        <line num="613" count="2" type="stmt"/>
        <line num="617" count="6" type="stmt"/>
        <line num="618" count="6" type="cond" truecount="2" falsecount="0"/>
        <line num="619" count="2" type="stmt"/>
        <line num="621" count="4" type="stmt"/>
        <line num="625" count="6" type="stmt"/>
        <line num="626" count="6" type="cond" truecount="2" falsecount="0"/>
        <line num="627" count="2" type="stmt"/>
        <line num="629" count="6" type="stmt"/>
        <line num="633" count="4" type="stmt"/>
        <line num="634" count="4" type="stmt"/>
        <line num="635" count="4" type="stmt"/>
        <line num="636" count="2" type="stmt"/>
        <line num="637" count="2" type="stmt"/>
        <line num="638" count="2" type="stmt"/>
        <line num="641" count="4" type="stmt"/>
        <line num="650" count="4" type="stmt"/>
        <line num="654" count="8" type="cond" truecount="4" falsecount="0"/>
        <line num="655" count="2" type="stmt"/>
        <line num="657" count="6" type="stmt"/>
        <line num="658" count="6" type="cond" truecount="1" falsecount="1"/>
        <line num="660" count="6" type="stmt"/>
        <line num="664" count="10" type="stmt"/>
        <line num="665" count="6" type="stmt"/>
        <line num="670" count="10" type="stmt"/>
        <line num="671" count="5" type="stmt"/>
        <line num="678" count="6" type="stmt"/>
        <line num="683" count="6" type="cond" truecount="2" falsecount="0"/>
        <line num="684" count="4" type="stmt"/>
        <line num="687" count="2" type="stmt"/>
        <line num="694" count="4" type="stmt"/>
        <line num="704" count="2" type="stmt"/>
        <line num="714" count="4" type="stmt"/>
        <line num="719" count="4" type="cond" truecount="2" falsecount="0"/>
        <line num="720" count="2" type="stmt"/>
        <line num="722" count="2" type="stmt"/>
      </file>
    </package>
    <package name="src.schemas">
      <metrics statements="64" coveredstatements="64" conditionals="25" coveredconditionals="25" methods="10" coveredmethods="10"/>
      <file name="Credential.ts" path="/Users/ribo/Projects/personal/pluto-encrypted/packages/database/src/schemas/Credential.ts">
        <metrics statements="11" coveredstatements="11" conditionals="4" coveredconditionals="4" methods="1" coveredmethods="1"/>
        <line num="35" count="1" type="stmt"/>
        <line num="87" count="1" type="stmt"/>
        <line num="89" count="5" type="cond" truecount="2" falsecount="0"/>
        <line num="90" count="2" type="stmt"/>
        <line num="91" count="2" type="stmt"/>
        <line num="92" count="2" type="stmt"/>
        <line num="93" count="3" type="cond" truecount="2" falsecount="0"/>
        <line num="94" count="2" type="stmt"/>
        <line num="95" count="2" type="stmt"/>
        <line num="96" count="2" type="stmt"/>
        <line num="108" count="1" type="stmt"/>
      </file>
      <file name="CredentialRequestMetadata.ts" path="/Users/ribo/Projects/personal/pluto-encrypted/packages/database/src/schemas/CredentialRequestMetadata.ts">
        <metrics statements="3" coveredstatements="3" conditionals="0" coveredconditionals="0" methods="1" coveredmethods="1"/>
        <line num="25" count="1" type="stmt"/>
        <line num="63" count="1" type="stmt"/>
        <line num="68" count="2" type="stmt"/>
      </file>
      <file name="DID.ts" path="/Users/ribo/Projects/personal/pluto-encrypted/packages/database/src/schemas/DID.ts">
        <metrics statements="1" coveredstatements="1" conditionals="0" coveredconditionals="0" methods="0" coveredmethods="0"/>
        <line num="13" count="1" type="stmt"/>
      </file>
      <file name="DIDPair.ts" path="/Users/ribo/Projects/personal/pluto-encrypted/packages/database/src/schemas/DIDPair.ts">
        <metrics statements="1" coveredstatements="1" conditionals="0" coveredconditionals="0" methods="0" coveredmethods="0"/>
        <line num="11" count="1" type="stmt"/>
      </file>
      <file name="LinkSecret.ts" path="/Users/ribo/Projects/personal/pluto-encrypted/packages/database/src/schemas/LinkSecret.ts">
        <metrics statements="3" coveredstatements="3" conditionals="0" coveredconditionals="0" methods="1" coveredmethods="1"/>
        <line num="13" count="1" type="stmt"/>
        <line num="44" count="1" type="stmt"/>
        <line num="46" count="4" type="stmt"/>
      </file>
      <file name="Mediator.ts" path="/Users/ribo/Projects/personal/pluto-encrypted/packages/database/src/schemas/Mediator.ts">
        <metrics statements="3" coveredstatements="3" conditionals="0" coveredconditionals="0" methods="1" coveredmethods="1"/>
        <line num="14" count="1" type="stmt"/>
        <line num="46" count="1" type="stmt"/>
        <line num="48" count="6" type="stmt"/>
      </file>
      <file name="Message.ts" path="/Users/ribo/Projects/personal/pluto-encrypted/packages/database/src/schemas/Message.ts">
        <metrics statements="3" coveredstatements="3" conditionals="0" coveredconditionals="0" methods="1" coveredmethods="1"/>
        <line num="25" count="1" type="stmt"/>
        <line num="121" count="1" type="stmt"/>
        <line num="123" count="26" type="stmt"/>
      </file>
      <file name="PrivateKey.ts" path="/Users/ribo/Projects/personal/pluto-encrypted/packages/database/src/schemas/PrivateKey.ts">
        <metrics statements="39" coveredstatements="39" conditionals="21" coveredconditionals="21" methods="5" coveredmethods="5"/>
        <line num="26" count="1" type="stmt"/>
        <line num="75" count="1" type="stmt"/>
        <line num="77" count="48" type="stmt"/>
        <line num="78" count="48" type="stmt"/>
        <line num="79" count="90" type="stmt"/>
        <line num="81" count="48" type="stmt"/>
        <line num="82" count="54" type="stmt"/>
        <line num="84" count="48" type="cond" truecount="2" falsecount="0"/>
        <line num="85" count="4" type="cond" truecount="2" falsecount="0"/>
        <line num="87" count="44" type="cond" truecount="2" falsecount="0"/>
        <line num="88" count="2" type="stmt"/>
        <line num="91" count="42" type="cond" truecount="2" falsecount="0"/>
        <line num="96" count="2" type="stmt"/>
        <line num="99" count="40" type="cond" truecount="2" falsecount="0"/>
        <line num="100" count="2" type="stmt"/>
        <line num="104" count="38" type="cond" truecount="1" falsecount="0"/>
        <line num="106" count="32" type="cond" truecount="1" falsecount="0"/>
        <line num="107" count="24" type="stmt"/>
        <line num="108" count="50" type="stmt"/>
        <line num="110" count="24" type="stmt"/>
        <line num="111" count="72" type="stmt"/>
        <line num="114" count="24" type="stmt"/>
        <line num="118" count="24" type="stmt"/>
        <line num="120" count="24" type="stmt"/>
        <line num="125" count="24" type="cond" truecount="2" falsecount="0"/>
        <line num="126" count="22" type="stmt"/>
        <line num="132" count="24" type="cond" truecount="2" falsecount="0"/>
        <line num="133" count="2" type="stmt"/>
        <line num="139" count="24" type="stmt"/>
        <line num="143" count="8" type="cond" truecount="1" falsecount="0"/>
        <line num="144" count="8" type="stmt"/>
        <line num="146" count="8" type="stmt"/>
        <line num="148" count="8" type="stmt"/>
        <line num="153" count="8" type="stmt"/>
        <line num="158" count="6" type="cond" truecount="1" falsecount="0"/>
        <line num="159" count="6" type="stmt"/>
        <line num="161" count="6" type="stmt"/>
        <line num="163" count="6" type="stmt"/>
        <line num="168" count="6" type="stmt"/>
      </file>
    </package>
    <package name="tests">
      <metrics statements="31" coveredstatements="28" conditionals="2" coveredconditionals="1" methods="4" coveredmethods="3"/>
      <file name="fixtures.ts" path="/Users/ribo/Projects/personal/pluto-encrypted/packages/database/tests/fixtures.ts">
        <metrics statements="26" coveredstatements="23" conditionals="0" coveredconditionals="0" methods="3" coveredmethods="2"/>
        <line num="10" count="1" type="stmt"/>
        <line num="16" count="1" type="stmt"/>
        <line num="21" count="1" type="stmt"/>
        <line num="24" count="1" type="stmt"/>
        <line num="29" count="1" type="stmt"/>
        <line num="32" count="1" type="stmt"/>
        <line num="38" count="1" type="stmt"/>
        <line num="40" count="1" type="stmt"/>
        <line num="47" count="1" type="stmt"/>
        <line num="48" count="1" type="stmt"/>
        <line num="49" count="1" type="stmt"/>
        <line num="51" count="1" type="stmt"/>
        <line num="77" count="1" type="stmt"/>
        <line num="107" count="1" type="stmt"/>
        <line num="109" count="1" type="stmt"/>
        <line num="114" count="2" type="stmt"/>
        <line num="159" count="2" type="stmt"/>
        <line num="169" count="2" type="stmt"/>
        <line num="171" count="1" type="stmt"/>
        <line num="180" count="1" type="stmt"/>
        <line num="208" count="1" type="stmt"/>
        <line num="209" count="4" type="stmt"/>
        <line num="212" count="1" type="stmt"/>
        <line num="213" count="0" type="stmt"/>
        <line num="214" count="0" type="stmt"/>
        <line num="215" count="0" type="stmt"/>
      </file>
      <file name="setup.ts" path="/Users/ribo/Projects/personal/pluto-encrypted/packages/database/tests/setup.ts">
        <metrics statements="5" coveredstatements="5" conditionals="2" coveredconditionals="1" methods="1" coveredmethods="1"/>
        <line num="7" count="1" type="cond" truecount="1" falsecount="1"/>
        <line num="8" count="1" type="stmt"/>
        <line num="11" count="1" type="stmt"/>
        <line num="13" count="156" type="stmt"/>
        <line num="17" count="1" type="stmt"/>
      </file>
    </package>
  </project>
</coverage>
