<?xml version="1.0" encoding="UTF-8"?>
<coverage generated="1702596991969" clover="3.2.0">
  <project timestamp="1702596991969" name="All files">
    <metrics statements="280" coveredstatements="226" conditionals="108" coveredconditionals="76" methods="131" coveredmethods="84" elements="519" coveredelements="386" complexity="0" loc="280" ncloc="280" packages="2" files="9" classes="9"/>
    <package name="src">
      <metrics statements="215" coveredstatements="162" conditionals="74" coveredconditionals="43" methods="111" coveredmethods="70"/>
      <file name="index.ts" path="/home/mixmix/projects/AHAU/pluto-encrypted/packages/database/src/index.ts">
        <metrics statements="215" coveredstatements="162" conditionals="74" coveredconditionals="43" methods="111" coveredmethods="70"/>
        <line num="48" count="1" type="stmt"/>
        <line num="49" count="1" type="stmt"/>
        <line num="51" count="1" type="stmt"/>
        <line num="82" count="471" type="cond" truecount="1" falsecount="1"/>
        <line num="83" count="0" type="stmt"/>
        <line num="85" count="471" type="stmt"/>
        <line num="88" count="108" type="stmt"/>
        <line num="91" count="3" type="stmt"/>
        <line num="95" count="72" type="stmt"/>
        <line num="96" count="72" type="stmt"/>
        <line num="97" count="648" type="stmt"/>
        <line num="99" count="72" type="stmt"/>
        <line num="110" count="108" type="stmt"/>
        <line num="111" count="108" type="cond" truecount="1" falsecount="1"/>
        <line num="112" count="0" type="stmt"/>
        <line num="114" count="108" type="stmt"/>
        <line num="121" count="108" type="stmt"/>
        <line num="123" count="108" type="cond" truecount="2" falsecount="0"/>
        <line num="124" count="3" type="stmt"/>
        <line num="127" count="108" type="stmt"/>
        <line num="131" count="9" type="stmt"/>
        <line num="132" count="9" type="cond" truecount="2" falsecount="0"/>
        <line num="133" count="6" type="stmt"/>
        <line num="135" count="3" type="stmt"/>
        <line num="139" count="27" type="stmt"/>
        <line num="143" count="27" type="cond" truecount="2" falsecount="0"/>
        <line num="144" count="6" type="stmt"/>
        <line num="150" count="21" type="stmt"/>
        <line num="159" count="6" type="stmt"/>
        <line num="160" count="12" type="stmt"/>
        <line num="165" count="6" type="stmt"/>
        <line num="166" count="6" type="stmt"/>
        <line num="170" count="108" type="stmt"/>
        <line num="171" count="108" type="stmt"/>
        <line num="172" count="108" type="stmt"/>
        <line num="176" count="108" type="stmt"/>
        <line num="208" count="108" type="stmt"/>
        <line num="210" count="108" type="stmt"/>
        <line num="211" count="0" type="cond" truecount="0" falsecount="2"/>
        <line num="212" count="108" type="cond" truecount="0" falsecount="2"/>
        <line num="213" count="0" type="stmt"/>
        <line num="214" count="0" type="stmt"/>
        <line num="215" count="108" type="stmt"/>
        <line num="225" count="15" type="stmt"/>
        <line num="226" count="0" type="stmt"/>
        <line num="232" count="15" type="stmt"/>
        <line num="233" count="0" type="stmt"/>
        <line num="244" count="3" type="stmt"/>
        <line num="245" count="0" type="stmt"/>
        <line num="250" count="3" type="stmt"/>
        <line num="251" count="6" type="stmt"/>
        <line num="252" count="3" type="stmt"/>
        <line num="256" count="6" type="stmt"/>
        <line num="257" count="6" type="stmt"/>
        <line num="281" count="12" type="stmt"/>
        <line num="282" count="0" type="stmt"/>
        <line num="294" count="15" type="stmt"/>
        <line num="295" count="0" type="stmt"/>
        <line num="299" count="15" type="stmt"/>
        <line num="300" count="15" type="stmt"/>
        <line num="324" count="6" type="stmt"/>
        <line num="325" count="6" type="stmt"/>
        <line num="326" count="6" type="stmt"/>
        <line num="327" count="0" type="stmt"/>
        <line num="328" count="3" type="stmt"/>
        <line num="329" count="6" type="stmt"/>
        <line num="333" count="6" type="stmt"/>
        <line num="334" count="6" type="stmt"/>
        <line num="335" count="0" type="stmt"/>
        <line num="348" count="6" type="cond" truecount="2" falsecount="0"/>
        <line num="349" count="0" type="cond" truecount="0" falsecount="2"/>
        <line num="358" count="6" type="stmt"/>
        <line num="359" count="6" type="stmt"/>
        <line num="360" count="0" type="stmt"/>
        <line num="370" count="6" type="cond" truecount="2" falsecount="0"/>
        <line num="371" count="0" type="cond" truecount="0" falsecount="2"/>
        <line num="382" count="45" type="stmt"/>
        <line num="383" count="0" type="stmt"/>
        <line num="386" count="45" type="stmt"/>
        <line num="387" count="0" type="stmt"/>
        <line num="390" count="45" type="stmt"/>
        <line num="391" count="0" type="stmt"/>
        <line num="394" count="6" type="stmt"/>
        <line num="395" count="6" type="cond" truecount="2" falsecount="0"/>
        <line num="396" count="0" type="cond" truecount="0" falsecount="2"/>
        <line num="403" count="6" type="stmt"/>
        <line num="404" count="0" type="stmt"/>
        <line num="412" count="18" type="stmt"/>
        <line num="413" count="0" type="stmt"/>
        <line num="414" count="18" type="stmt"/>
        <line num="415" count="0" type="stmt"/>
        <line num="416" count="18" type="stmt"/>
        <line num="417" count="18" type="stmt"/>
        <line num="418" count="18" type="stmt"/>
        <line num="421" count="18" type="stmt"/>
        <line num="422" count="18" type="stmt"/>
        <line num="423" count="18" type="stmt"/>
        <line num="424" count="18" type="stmt"/>
        <line num="425" count="18" type="stmt"/>
        <line num="434" count="18" type="stmt"/>
        <line num="435" count="0" type="stmt"/>
        <line num="439" count="12" type="stmt"/>
        <line num="440" count="0" type="stmt"/>
        <line num="444" count="12" type="cond" truecount="2" falsecount="0"/>
        <line num="445" count="9" type="cond" truecount="0" falsecount="2"/>
        <line num="446" count="9" type="stmt"/>
        <line num="449" count="9" type="cond" truecount="2" falsecount="0"/>
        <line num="450" count="12" type="cond" truecount="2" falsecount="0"/>
        <line num="451" count="9" type="stmt"/>
        <line num="454" count="6" type="stmt"/>
        <line num="455" count="12" type="stmt"/>
        <line num="457" count="6" type="cond" truecount="2" falsecount="0"/>
        <line num="458" count="6" type="cond" truecount="2" falsecount="0"/>
        <line num="459" count="12" type="stmt"/>
        <line num="465" count="3" type="stmt"/>
        <line num="466" count="0" type="stmt"/>
        <line num="469" count="3" type="stmt"/>
        <line num="470" count="3" type="stmt"/>
        <line num="471" count="3" type="stmt"/>
        <line num="472" count="3" type="stmt"/>
        <line num="473" count="3" type="stmt"/>
        <line num="475" count="3" type="stmt"/>
        <line num="476" count="3" type="stmt"/>
        <line num="477" count="3" type="stmt"/>
        <line num="478" count="3" type="stmt"/>
        <line num="486" count="3" type="stmt"/>
        <line num="487" count="0" type="stmt"/>
        <line num="490" count="3" type="stmt"/>
        <line num="491" count="0" type="stmt"/>
        <line num="503" count="3" type="stmt"/>
        <line num="504" count="0" type="stmt"/>
        <line num="507" count="3" type="stmt"/>
        <line num="508" count="0" type="stmt"/>
        <line num="517" count="3" type="stmt"/>
        <line num="518" count="0" type="stmt"/>
        <line num="521" count="3" type="stmt"/>
        <line num="522" count="0" type="stmt"/>
        <line num="531" count="3" type="stmt"/>
        <line num="532" count="0" type="stmt"/>
        <line num="535" count="3" type="stmt"/>
        <line num="536" count="0" type="stmt"/>
        <line num="548" count="3" type="stmt"/>
        <line num="549" count="0" type="stmt"/>
        <line num="552" count="3" type="stmt"/>
        <line num="553" count="0" type="stmt"/>
        <line num="565" count="3" type="stmt"/>
        <line num="566" count="0" type="stmt"/>
        <line num="572" count="6" type="stmt"/>
        <line num="573" count="0" type="stmt"/>
        <line num="577" count="6" type="cond" truecount="2" falsecount="0"/>
        <line num="578" count="3" type="cond" truecount="0" falsecount="2"/>
        <line num="579" count="6" type="stmt"/>
        <line num="589" count="6" type="stmt"/>
        <line num="590" count="0" type="stmt"/>
        <line num="595" count="9" type="stmt"/>
        <line num="596" count="0" type="stmt"/>
        <line num="602" count="3" type="stmt"/>
        <line num="603" count="0" type="stmt"/>
        <line num="615" count="3" type="stmt"/>
        <line num="616" count="0" type="stmt"/>
        <line num="619" count="9" type="stmt"/>
        <line num="620" count="9" type="cond" truecount="2" falsecount="0"/>
        <line num="621" count="3" type="cond" truecount="0" falsecount="2"/>
        <line num="622" count="9" type="stmt"/>
        <line num="623" count="6" type="stmt"/>
        <line num="624" count="0" type="stmt"/>
        <line num="627" count="9" type="stmt"/>
        <line num="628" count="9" type="cond" truecount="2" falsecount="0"/>
        <line num="629" count="3" type="cond" truecount="0" falsecount="2"/>
        <line num="630" count="9" type="stmt"/>
        <line num="631" count="9" type="stmt"/>
        <line num="632" count="0" type="stmt"/>
        <line num="635" count="6" type="stmt"/>
        <line num="636" count="6" type="stmt"/>
        <line num="637" count="6" type="stmt"/>
        <line num="638" count="3" type="stmt"/>
        <line num="639" count="3" type="stmt"/>
        <line num="640" count="3" type="stmt"/>
        <line num="641" count="6" type="stmt"/>
        <line num="643" count="6" type="stmt"/>
        <line num="644" count="3" type="stmt"/>
        <line num="652" count="6" type="stmt"/>
        <line num="653" count="0" type="stmt"/>
        <line num="656" count="12" type="cond" truecount="4" falsecount="0"/>
        <line num="657" count="3" type="cond" truecount="2" falsecount="2"/>
        <line num="658" count="12" type="stmt"/>
        <line num="659" count="9" type="stmt"/>
        <line num="660" count="9" type="cond" truecount="1" falsecount="1"/>
        <line num="661" count="0" type="cond" truecount="0" falsecount="2"/>
        <line num="662" count="9" type="stmt"/>
        <line num="663" count="0" type="stmt"/>
        <line num="666" count="15" type="stmt"/>
        <line num="667" count="15" type="stmt"/>
        <line num="668" count="0" type="stmt"/>
        <line num="671" count="15" type="stmt"/>
        <line num="672" count="9" type="stmt"/>
        <line num="673" count="15" type="stmt"/>
        <line num="679" count="9" type="stmt"/>
        <line num="680" count="0" type="stmt"/>
        <line num="684" count="9" type="cond" truecount="2" falsecount="0"/>
        <line num="685" count="6" type="cond" truecount="0" falsecount="2"/>
        <line num="686" count="9" type="stmt"/>
        <line num="688" count="3" type="stmt"/>
        <line num="689" count="0" type="stmt"/>
        <line num="695" count="6" type="stmt"/>
        <line num="696" count="0" type="stmt"/>
        <line num="705" count="3" type="stmt"/>
        <line num="706" count="0" type="stmt"/>
        <line num="715" count="6" type="stmt"/>
        <line num="716" count="0" type="stmt"/>
        <line num="720" count="6" type="cond" truecount="2" falsecount="0"/>
        <line num="721" count="3" type="cond" truecount="0" falsecount="2"/>
        <line num="722" count="6" type="stmt"/>
        <line num="723" count="3" type="stmt"/>
        <line num="724" count="0" type="stmt"/>
      </file>
    </package>
    <package name="src.schemas">
      <metrics statements="65" coveredstatements="64" conditionals="34" coveredconditionals="33" methods="20" coveredmethods="14"/>
      <file name="Credential.ts" path="/home/mixmix/projects/AHAU/pluto-encrypted/packages/database/src/schemas/Credential.ts">
        <metrics statements="11" coveredstatements="11" conditionals="6" coveredconditionals="6" methods="2" coveredmethods="1"/>
        <line num="35" count="1" type="stmt"/>
        <line num="87" count="1" type="stmt"/>
        <line num="89" count="9" type="cond" truecount="2" falsecount="0"/>
        <line num="90" count="3" type="stmt"/>
        <line num="91" count="3" type="stmt"/>
        <line num="92" count="3" type="stmt"/>
        <line num="93" count="6" type="cond" truecount="4" falsecount="0"/>
        <line num="94" count="3" type="stmt"/>
        <line num="95" count="3" type="stmt"/>
        <line num="96" count="3" type="stmt"/>
        <line num="108" count="3" type="stmt"/>
      </file>
      <file name="CredentialRequestMetadata.ts" path="/home/mixmix/projects/AHAU/pluto-encrypted/packages/database/src/schemas/CredentialRequestMetadata.ts">
        <metrics statements="3" coveredstatements="3" conditionals="0" coveredconditionals="0" methods="2" coveredmethods="1"/>
        <line num="25" count="1" type="stmt"/>
        <line num="63" count="1" type="stmt"/>
        <line num="68" count="3" type="stmt"/>
      </file>
      <file name="DID.ts" path="/home/mixmix/projects/AHAU/pluto-encrypted/packages/database/src/schemas/DID.ts">
        <metrics statements="1" coveredstatements="1" conditionals="0" coveredconditionals="0" methods="0" coveredmethods="0"/>
        <line num="13" count="1" type="stmt"/>
      </file>
      <file name="DIDPair.ts" path="/home/mixmix/projects/AHAU/pluto-encrypted/packages/database/src/schemas/DIDPair.ts">
        <metrics statements="1" coveredstatements="1" conditionals="0" coveredconditionals="0" methods="0" coveredmethods="0"/>
        <line num="11" count="1" type="stmt"/>
      </file>
      <file name="LinkSecret.ts" path="/home/mixmix/projects/AHAU/pluto-encrypted/packages/database/src/schemas/LinkSecret.ts">
        <metrics statements="3" coveredstatements="3" conditionals="0" coveredconditionals="0" methods="2" coveredmethods="1"/>
        <line num="13" count="1" type="stmt"/>
        <line num="44" count="1" type="stmt"/>
        <line num="46" count="6" type="stmt"/>
      </file>
      <file name="Mediator.ts" path="/home/mixmix/projects/AHAU/pluto-encrypted/packages/database/src/schemas/Mediator.ts">
        <metrics statements="4" coveredstatements="4" conditionals="0" coveredconditionals="0" methods="2" coveredmethods="1"/>
        <line num="14" count="1" type="stmt"/>
        <line num="46" count="1" type="stmt"/>
        <line num="48" count="9" type="stmt"/>
        <line num="49" count="9" type="stmt"/>
      </file>
      <file name="Message.ts" path="/home/mixmix/projects/AHAU/pluto-encrypted/packages/database/src/schemas/Message.ts">
        <metrics statements="3" coveredstatements="3" conditionals="0" coveredconditionals="0" methods="2" coveredmethods="1"/>
        <line num="25" count="1" type="stmt"/>
        <line num="121" count="1" type="stmt"/>
        <line num="123" count="39" type="stmt"/>
      </file>
      <file name="PrivateKey.ts" path="/home/mixmix/projects/AHAU/pluto-encrypted/packages/database/src/schemas/PrivateKey.ts">
        <metrics statements="39" coveredstatements="38" conditionals="28" coveredconditionals="27" methods="10" coveredmethods="9"/>
        <line num="26" count="1" type="stmt"/>
        <line num="75" count="1" type="stmt"/>
        <line num="77" count="72" type="stmt"/>
        <line num="78" count="72" type="stmt"/>
        <line num="79" count="135" type="stmt"/>
        <line num="81" count="72" type="stmt"/>
        <line num="82" count="81" type="stmt"/>
        <line num="84" count="72" type="cond" truecount="2" falsecount="0"/>
        <line num="85" count="6" type="cond" truecount="4" falsecount="0"/>
        <line num="87" count="66" type="cond" truecount="2" falsecount="0"/>
        <line num="88" count="3" type="stmt"/>
        <line num="91" count="63" type="cond" truecount="2" falsecount="0"/>
        <line num="96" count="3" type="stmt"/>
        <line num="99" count="60" type="cond" truecount="2" falsecount="0"/>
        <line num="100" count="3" type="stmt"/>
        <line num="104" count="57" type="cond" truecount="2" falsecount="0"/>
        <line num="105" count="36" type="stmt"/>
        <line num="106" count="75" type="stmt"/>
        <line num="108" count="36" type="stmt"/>
        <line num="109" count="108" type="stmt"/>
        <line num="112" count="36" type="stmt"/>
        <line num="116" count="36" type="stmt"/>
        <line num="118" count="36" type="stmt"/>
        <line num="123" count="36" type="cond" truecount="2" falsecount="0"/>
        <line num="124" count="33" type="stmt"/>
        <line num="130" count="36" type="cond" truecount="2" falsecount="0"/>
        <line num="131" count="3" type="stmt"/>
        <line num="137" count="36" type="stmt"/>
        <line num="141" count="21" type="cond" truecount="2" falsecount="0"/>
        <line num="142" count="12" type="stmt"/>
        <line num="144" count="12" type="stmt"/>
        <line num="146" count="12" type="stmt"/>
        <line num="151" count="12" type="stmt"/>
        <line num="156" count="9" type="cond" truecount="1" falsecount="1"/>
        <line num="157" count="9" type="stmt"/>
        <line num="159" count="9" type="stmt"/>
        <line num="161" count="9" type="stmt"/>
        <line num="166" count="9" type="stmt"/>
        <line num="170" count="0" type="stmt"/>
      </file>
    </package>
  </project>
</coverage>
