{"/Users/ribo/Projects/personal/pluto-encrypted/packages/database/src/index.ts": {"path":"/Users/ribo/Projects/personal/pluto-encrypted/packages/database/src/index.ts","statementMap":{"0":{"start":{"line":48,"column":0},"end":{"line":48,"column":33}},"1":{"start":{"line":49,"column":0},"end":{"line":49,"column":36}},"2":{"start":{"line":51,"column":0},"end":{"line":51,"column":32}},"3":{"start":{"line":81,"column":4},"end":{"line":83,"column":5}},"4":{"start":{"line":82,"column":6},"end":{"line":82,"column":44}},"5":{"start":{"line":84,"column":4},"end":{"line":84,"column":20}},"6":{"start":{"line":90,"column":4},"end":{"line":90,"column":32}},"7":{"start":{"line":94,"column":21},"end":{"line":94,"column":66}},"8":{"start":{"line":95,"column":4},"end":{"line":97,"column":5}},"9":{"start":{"line":96,"column":6},"end":{"line":96,"column":30}},"10":{"start":{"line":98,"column":4},"end":{"line":98,"column":65}},"11":{"start":{"line":109,"column":57},"end":{"line":109,"column":64}},"12":{"start":{"line":110,"column":4},"end":{"line":112,"column":5}},"13":{"start":{"line":111,"column":6},"end":{"line":111,"column":57}},"14":{"start":{"line":113,"column":21},"end":{"line":118,"column":6}},"15":{"start":{"line":120,"column":4},"end":{"line":120,"column":27}},"16":{"start":{"line":122,"column":4},"end":{"line":124,"column":5}},"17":{"start":{"line":123,"column":6},"end":{"line":123,"column":47}},"18":{"start":{"line":126,"column":4},"end":{"line":126,"column":20}},"19":{"start":{"line":130,"column":20},"end":{"line":130,"column":77}},"20":{"start":{"line":131,"column":4},"end":{"line":133,"column":5}},"21":{"start":{"line":132,"column":6},"end":{"line":132,"column":39}},"22":{"start":{"line":134,"column":4},"end":{"line":134,"column":16}},"23":{"start":{"line":138,"column":21},"end":{"line":141,"column":13}},"24":{"start":{"line":143,"column":4},"end":{"line":155,"column":5}},"25":{"start":{"line":144,"column":6},"end":{"line":148,"column":9}},"26":{"start":{"line":150,"column":6},"end":{"line":154,"column":9}},"27":{"start":{"line":159,"column":4},"end":{"line":159,"column":77}},"28":{"start":{"line":159,"column":48},"end":{"line":159,"column":74}},"29":{"start":{"line":163,"column":21},"end":{"line":163,"column":57}},"30":{"start":{"line":164,"column":4},"end":{"line":164,"column":64}},"31":{"start":{"line":164,"column":37},"end":{"line":164,"column":62}},"32":{"start":{"line":168,"column":26},"end":{"line":168,"column":30}},"33":{"start":{"line":169,"column":4},"end":{"line":210,"column":5}},"34":{"start":{"line":170,"column":23},"end":{"line":170,"column":71}},"35":{"start":{"line":171,"column":6},"end":{"line":202,"column":9}},"36":{"start":{"line":203,"column":6},"end":{"line":203,"column":26}},"37":{"start":{"line":206,"column":6},"end":{"line":209,"column":23}},"38":{"start":{"line":207,"column":8},"end":{"line":207,"column":50}},"39":{"start":{"line":220,"column":4},"end":{"line":226,"column":7}},"40":{"start":{"line":227,"column":4},"end":{"line":232,"column":6}},"41":{"start":{"line":239,"column":4},"end":{"line":244,"column":7}},"42":{"start":{"line":246,"column":4},"end":{"line":271,"column":6}},"43":{"start":{"line":248,"column":8},"end":{"line":269,"column":10}},"44":{"start":{"line":253,"column":35},"end":{"line":260,"column":13}},"45":{"start":{"line":279,"column":4},"end":{"line":283,"column":7}},"46":{"start":{"line":292,"column":4},"end":{"line":318,"column":7}},"47":{"start":{"line":297,"column":31},"end":{"line":304,"column":9}},"48":{"start":{"line":322,"column":29},"end":{"line":322,"column":35}},"49":{"start":{"line":323,"column":20},"end":{"line":323,"column":56}},"50":{"start":{"line":324,"column":4},"end":{"line":327,"column":6}},"51":{"start":{"line":326,"column":8},"end":{"line":326,"column":79}},"52":{"start":{"line":331,"column":29},"end":{"line":331,"column":35}},"53":{"start":{"line":332,"column":20},"end":{"line":344,"column":13}},"54":{"start":{"line":346,"column":4},"end":{"line":352,"column":13}},"55":{"start":{"line":356,"column":29},"end":{"line":356,"column":35}},"56":{"start":{"line":357,"column":20},"end":{"line":366,"column":13}},"57":{"start":{"line":368,"column":4},"end":{"line":374,"column":13}},"58":{"start":{"line":380,"column":4},"end":{"line":380,"column":43}},"59":{"start":{"line":384,"column":24},"end":{"line":387,"column":13}},"60":{"start":{"line":388,"column":4},"end":{"line":388,"column":53}},"61":{"start":{"line":392,"column":23},"end":{"line":392,"column":79}},"62":{"start":{"line":393,"column":4},"end":{"line":393,"column":68}},"63":{"start":{"line":401,"column":4},"end":{"line":406,"column":7}},"64":{"start":{"line":410,"column":17},"end":{"line":410,"column":76}},"65":{"start":{"line":412,"column":48},"end":{"line":412,"column":50}},"66":{"start":{"line":414,"column":4},"end":{"line":430,"column":5}},"67":{"start":{"line":415,"column":29},"end":{"line":417,"column":7}},"68":{"start":{"line":419,"column":6},"end":{"line":429,"column":7}},"69":{"start":{"line":420,"column":26},"end":{"line":420,"column":77}},"70":{"start":{"line":422,"column":8},"end":{"line":428,"column":10}},"71":{"start":{"line":432,"column":4},"end":{"line":432,"column":24}},"72":{"start":{"line":437,"column":18},"end":{"line":440,"column":13}},"73":{"start":{"line":442,"column":4},"end":{"line":461,"column":5}},"74":{"start":{"line":443,"column":26},"end":{"line":445,"column":7}},"75":{"start":{"line":447,"column":6},"end":{"line":451,"column":7}},"76":{"start":{"line":452,"column":24},"end":{"line":454,"column":48}},"77":{"start":{"line":455,"column":20},"end":{"line":455,"column":63}},"78":{"start":{"line":456,"column":6},"end":{"line":460,"column":8}},"79":{"start":{"line":463,"column":4},"end":{"line":463,"column":16}},"80":{"start":{"line":467,"column":17},"end":{"line":467,"column":73}},"81":{"start":{"line":468,"column":48},"end":{"line":468,"column":50}},"82":{"start":{"line":469,"column":4},"end":{"line":483,"column":5}},"83":{"start":{"line":470,"column":29},"end":{"line":472,"column":7}},"84":{"start":{"line":473,"column":6},"end":{"line":482,"column":7}},"85":{"start":{"line":474,"column":26},"end":{"line":474,"column":77}},"86":{"start":{"line":475,"column":8},"end":{"line":481,"column":10}},"87":{"start":{"line":484,"column":4},"end":{"line":484,"column":24}},"88":{"start":{"line":488,"column":21},"end":{"line":500,"column":13}},"89":{"start":{"line":501,"column":4},"end":{"line":501,"column":64}},"90":{"start":{"line":501,"column":37},"end":{"line":501,"column":62}},"91":{"start":{"line":505,"column":21},"end":{"line":514,"column":13}},"92":{"start":{"line":515,"column":4},"end":{"line":515,"column":64}},"93":{"start":{"line":515,"column":37},"end":{"line":515,"column":62}},"94":{"start":{"line":519,"column":21},"end":{"line":528,"column":13}},"95":{"start":{"line":529,"column":4},"end":{"line":529,"column":64}},"96":{"start":{"line":529,"column":37},"end":{"line":529,"column":62}},"97":{"start":{"line":533,"column":21},"end":{"line":545,"column":13}},"98":{"start":{"line":546,"column":4},"end":{"line":546,"column":64}},"99":{"start":{"line":546,"column":37},"end":{"line":546,"column":62}},"100":{"start":{"line":550,"column":21},"end":{"line":562,"column":13}},"101":{"start":{"line":563,"column":4},"end":{"line":563,"column":64}},"102":{"start":{"line":563,"column":37},"end":{"line":563,"column":62}},"103":{"start":{"line":570,"column":59},"end":{"line":574,"column":5}},"104":{"start":{"line":575,"column":4},"end":{"line":586,"column":5}},"105":{"start":{"line":576,"column":6},"end":{"line":585,"column":9}},"106":{"start":{"line":587,"column":21},"end":{"line":592,"column":13}},"107":{"start":{"line":593,"column":4},"end":{"line":593,"column":64}},"108":{"start":{"line":593,"column":37},"end":{"line":593,"column":62}},"109":{"start":{"line":600,"column":21},"end":{"line":612,"column":13}},"110":{"start":{"line":613,"column":4},"end":{"line":613,"column":64}},"111":{"start":{"line":613,"column":37},"end":{"line":613,"column":62}},"112":{"start":{"line":617,"column":18},"end":{"line":617,"column":56}},"113":{"start":{"line":618,"column":4},"end":{"line":620,"column":5}},"114":{"start":{"line":619,"column":6},"end":{"line":619,"column":18}},"115":{"start":{"line":621,"column":4},"end":{"line":621,"column":31}},"116":{"start":{"line":625,"column":20},"end":{"line":625,"column":48}},"117":{"start":{"line":626,"column":4},"end":{"line":628,"column":5}},"118":{"start":{"line":627,"column":6},"end":{"line":627,"column":15}},"119":{"start":{"line":629,"column":4},"end":{"line":629,"column":69}},"120":{"start":{"line":629,"column":47},"end":{"line":629,"column":66}},"121":{"start":{"line":633,"column":39},"end":{"line":633,"column":41}},"122":{"start":{"line":634,"column":17},"end":{"line":634,"column":75}},"123":{"start":{"line":635,"column":4},"end":{"line":649,"column":5}},"124":{"start":{"line":636,"column":22},"end":{"line":636,"column":52}},"125":{"start":{"line":637,"column":19},"end":{"line":637,"column":61}},"126":{"start":{"line":638,"column":6},"end":{"line":648,"column":8}},"127":{"start":{"line":641,"column":29},"end":{"line":646,"column":11}},"128":{"start":{"line":650,"column":4},"end":{"line":650,"column":20}},"129":{"start":{"line":654,"column":4},"end":{"line":656,"column":5}},"130":{"start":{"line":655,"column":6},"end":{"line":655,"column":52}},"131":{"start":{"line":657,"column":21},"end":{"line":657,"column":44}},"132":{"start":{"line":658,"column":4},"end":{"line":658,"column":45}},"133":{"start":{"line":658,"column":22},"end":{"line":658,"column":45}},"134":{"start":{"line":660,"column":4},"end":{"line":660,"column":47}},"135":{"start":{"line":664,"column":4},"end":{"line":666,"column":6}},"136":{"start":{"line":665,"column":6},"end":{"line":665,"column":33}},"137":{"start":{"line":670,"column":4},"end":{"line":672,"column":6}},"138":{"start":{"line":671,"column":32},"end":{"line":671,"column":73}},"139":{"start":{"line":678,"column":23},"end":{"line":681,"column":13}},"140":{"start":{"line":683,"column":4},"end":{"line":685,"column":5}},"141":{"start":{"line":684,"column":6},"end":{"line":684,"column":45}},"142":{"start":{"line":687,"column":4},"end":{"line":687,"column":16}},"143":{"start":{"line":694,"column":4},"end":{"line":697,"column":7}},"144":{"start":{"line":704,"column":4},"end":{"line":708,"column":7}},"145":{"start":{"line":714,"column":38},"end":{"line":717,"column":13}},"146":{"start":{"line":719,"column":4},"end":{"line":721,"column":5}},"147":{"start":{"line":720,"column":6},"end":{"line":720,"column":75}},"148":{"start":{"line":722,"column":4},"end":{"line":722,"column":16}}},"fnMap":{"0":{"name":"(anonymous_0)","decl":{"start":{"line":80,"column":2},"end":{"line":80,"column":3}},"loc":{"start":{"line":80,"column":11},"end":{"line":85,"column":3}},"line":80},"1":{"name":"(anonymous_1)","decl":{"start":{"line":87,"column":2},"end":{"line":87,"column":3}},"loc":{"start":{"line":87,"column":52},"end":{"line":87,"column":55}},"line":87},"2":{"name":"(anonymous_2)","decl":{"start":{"line":89,"column":2},"end":{"line":89,"column":3}},"loc":{"start":{"line":89,"column":17},"end":{"line":91,"column":3}},"line":89},"3":{"name":"(anonymous_3)","decl":{"start":{"line":93,"column":2},"end":{"line":93,"column":3}},"loc":{"start":{"line":93,"column":16},"end":{"line":99,"column":3}},"line":93},"4":{"name":"(anonymous_4)","decl":{"start":{"line":101,"column":2},"end":{"line":101,"column":3}},"loc":{"start":{"line":108,"column":4},"end":{"line":127,"column":3}},"line":108},"5":{"name":"(anonymous_5)","decl":{"start":{"line":129,"column":2},"end":{"line":129,"column":3}},"loc":{"start":{"line":129,"column":63},"end":{"line":135,"column":3}},"line":129},"6":{"name":"(anonymous_6)","decl":{"start":{"line":137,"column":2},"end":{"line":137,"column":3}},"loc":{"start":{"line":137,"column":61},"end":{"line":156,"column":3}},"line":137},"7":{"name":"(anonymous_7)","decl":{"start":{"line":158,"column":2},"end":{"line":158,"column":3}},"loc":{"start":{"line":158,"column":65},"end":{"line":160,"column":3}},"line":158},"8":{"name":"(anonymous_8)","decl":{"start":{"line":159,"column":35},"end":{"line":159,"column":36}},"loc":{"start":{"line":159,"column":48},"end":{"line":159,"column":74}},"line":159},"9":{"name":"(anonymous_9)","decl":{"start":{"line":162,"column":2},"end":{"line":162,"column":3}},"loc":{"start":{"line":162,"column":52},"end":{"line":165,"column":3}},"line":162},"10":{"name":"(anonymous_10)","decl":{"start":{"line":164,"column":24},"end":{"line":164,"column":25}},"loc":{"start":{"line":164,"column":37},"end":{"line":164,"column":62}},"line":164},"11":{"name":"(anonymous_11)","decl":{"start":{"line":167,"column":2},"end":{"line":167,"column":3}},"loc":{"start":{"line":167,"column":31},"end":{"line":211,"column":3}},"line":167},"12":{"name":"(anonymous_12)","decl":{"start":{"line":213,"column":2},"end":{"line":213,"column":3}},"loc":{"start":{"line":219,"column":19},"end":{"line":233,"column":3}},"line":219},"13":{"name":"(anonymous_13)","decl":{"start":{"line":235,"column":2},"end":{"line":235,"column":3}},"loc":{"start":{"line":238,"column":19},"end":{"line":272,"column":3}},"line":238},"14":{"name":"(anonymous_14)","decl":{"start":{"line":247,"column":22},"end":{"line":247,"column":23}},"loc":{"start":{"line":248,"column":8},"end":{"line":269,"column":10}},"line":248},"15":{"name":"(anonymous_15)","decl":{"start":{"line":253,"column":12},"end":{"line":253,"column":13}},"loc":{"start":{"line":253,"column":35},"end":{"line":260,"column":13}},"line":253},"16":{"name":"(anonymous_16)","decl":{"start":{"line":274,"column":2},"end":{"line":274,"column":3}},"loc":{"start":{"line":278,"column":19},"end":{"line":284,"column":3}},"line":278},"17":{"name":"(anonymous_17)","decl":{"start":{"line":286,"column":2},"end":{"line":286,"column":3}},"loc":{"start":{"line":291,"column":19},"end":{"line":319,"column":3}},"line":291},"18":{"name":"(anonymous_18)","decl":{"start":{"line":297,"column":8},"end":{"line":297,"column":9}},"loc":{"start":{"line":297,"column":31},"end":{"line":304,"column":9}},"line":297},"19":{"name":"(anonymous_19)","decl":{"start":{"line":321,"column":2},"end":{"line":321,"column":3}},"loc":{"start":{"line":321,"column":52},"end":{"line":328,"column":3}},"line":321},"20":{"name":"(anonymous_20)","decl":{"start":{"line":325,"column":6},"end":{"line":325,"column":7}},"loc":{"start":{"line":326,"column":8},"end":{"line":326,"column":79}},"line":326},"21":{"name":"(anonymous_21)","decl":{"start":{"line":330,"column":2},"end":{"line":330,"column":3}},"loc":{"start":{"line":330,"column":70},"end":{"line":353,"column":3}},"line":330},"22":{"name":"(anonymous_22)","decl":{"start":{"line":355,"column":2},"end":{"line":355,"column":3}},"loc":{"start":{"line":355,"column":68},"end":{"line":375,"column":3}},"line":355},"23":{"name":"(anonymous_23)","decl":{"start":{"line":377,"column":2},"end":{"line":377,"column":3}},"loc":{"start":{"line":379,"column":23},"end":{"line":381,"column":3}},"line":379},"24":{"name":"(anonymous_24)","decl":{"start":{"line":383,"column":2},"end":{"line":383,"column":3}},"loc":{"start":{"line":383,"column":78},"end":{"line":389,"column":3}},"line":383},"25":{"name":"(anonymous_25)","decl":{"start":{"line":391,"column":2},"end":{"line":391,"column":3}},"loc":{"start":{"line":391,"column":76},"end":{"line":394,"column":3}},"line":391},"26":{"name":"(anonymous_26)","decl":{"start":{"line":396,"column":2},"end":{"line":396,"column":3}},"loc":{"start":{"line":400,"column":19},"end":{"line":407,"column":3}},"line":400},"27":{"name":"(anonymous_27)","decl":{"start":{"line":409,"column":2},"end":{"line":409,"column":3}},"loc":{"start":{"line":409,"column":58},"end":{"line":433,"column":3}},"line":409},"28":{"name":"(anonymous_28)","decl":{"start":{"line":435,"column":2},"end":{"line":435,"column":3}},"loc":{"start":{"line":435,"column":78},"end":{"line":464,"column":3}},"line":435},"29":{"name":"(anonymous_29)","decl":{"start":{"line":466,"column":2},"end":{"line":466,"column":3}},"loc":{"start":{"line":466,"column":73},"end":{"line":485,"column":3}},"line":466},"30":{"name":"(anonymous_30)","decl":{"start":{"line":487,"column":2},"end":{"line":487,"column":3}},"loc":{"start":{"line":487,"column":72},"end":{"line":502,"column":3}},"line":487},"31":{"name":"(anonymous_31)","decl":{"start":{"line":501,"column":24},"end":{"line":501,"column":25}},"loc":{"start":{"line":501,"column":37},"end":{"line":501,"column":62}},"line":501},"32":{"name":"(anonymous_32)","decl":{"start":{"line":504,"column":2},"end":{"line":504,"column":3}},"loc":{"start":{"line":504,"column":56},"end":{"line":516,"column":3}},"line":504},"33":{"name":"(anonymous_33)","decl":{"start":{"line":515,"column":24},"end":{"line":515,"column":25}},"loc":{"start":{"line":515,"column":37},"end":{"line":515,"column":62}},"line":515},"34":{"name":"(anonymous_34)","decl":{"start":{"line":518,"column":2},"end":{"line":518,"column":3}},"loc":{"start":{"line":518,"column":60},"end":{"line":530,"column":3}},"line":518},"35":{"name":"(anonymous_35)","decl":{"start":{"line":529,"column":24},"end":{"line":529,"column":25}},"loc":{"start":{"line":529,"column":37},"end":{"line":529,"column":62}},"line":529},"36":{"name":"(anonymous_36)","decl":{"start":{"line":532,"column":2},"end":{"line":532,"column":3}},"loc":{"start":{"line":532,"column":73},"end":{"line":547,"column":3}},"line":532},"37":{"name":"(anonymous_37)","decl":{"start":{"line":546,"column":24},"end":{"line":546,"column":25}},"loc":{"start":{"line":546,"column":37},"end":{"line":546,"column":62}},"line":546},"38":{"name":"(anonymous_38)","decl":{"start":{"line":549,"column":2},"end":{"line":549,"column":3}},"loc":{"start":{"line":549,"column":79},"end":{"line":564,"column":3}},"line":549},"39":{"name":"(anonymous_39)","decl":{"start":{"line":563,"column":24},"end":{"line":563,"column":25}},"loc":{"start":{"line":563,"column":37},"end":{"line":563,"column":62}},"line":563},"40":{"name":"(anonymous_40)","decl":{"start":{"line":566,"column":2},"end":{"line":566,"column":3}},"loc":{"start":{"line":569,"column":31},"end":{"line":594,"column":3}},"line":569},"41":{"name":"(anonymous_41)","decl":{"start":{"line":593,"column":24},"end":{"line":593,"column":25}},"loc":{"start":{"line":593,"column":37},"end":{"line":593,"column":62}},"line":593},"42":{"name":"(anonymous_42)","decl":{"start":{"line":596,"column":2},"end":{"line":596,"column":3}},"loc":{"start":{"line":599,"column":31},"end":{"line":614,"column":3}},"line":599},"43":{"name":"(anonymous_43)","decl":{"start":{"line":613,"column":24},"end":{"line":613,"column":25}},"loc":{"start":{"line":613,"column":37},"end":{"line":613,"column":62}},"line":613},"44":{"name":"(anonymous_44)","decl":{"start":{"line":616,"column":2},"end":{"line":616,"column":3}},"loc":{"start":{"line":616,"column":73},"end":{"line":622,"column":3}},"line":616},"45":{"name":"(anonymous_45)","decl":{"start":{"line":624,"column":2},"end":{"line":624,"column":3}},"loc":{"start":{"line":624,"column":52},"end":{"line":630,"column":3}},"line":624},"46":{"name":"(anonymous_46)","decl":{"start":{"line":629,"column":35},"end":{"line":629,"column":36}},"loc":{"start":{"line":629,"column":47},"end":{"line":629,"column":66}},"line":629},"47":{"name":"(anonymous_47)","decl":{"start":{"line":632,"column":2},"end":{"line":632,"column":3}},"loc":{"start":{"line":632,"column":52},"end":{"line":651,"column":3}},"line":632},"48":{"name":"(anonymous_48)","decl":{"start":{"line":641,"column":19},"end":{"line":641,"column":20}},"loc":{"start":{"line":641,"column":29},"end":{"line":646,"column":11}},"line":641},"49":{"name":"(anonymous_49)","decl":{"start":{"line":653,"column":2},"end":{"line":653,"column":3}},"loc":{"start":{"line":653,"column":70},"end":{"line":661,"column":3}},"line":653},"50":{"name":"(anonymous_50)","decl":{"start":{"line":663,"column":2},"end":{"line":663,"column":3}},"loc":{"start":{"line":663,"column":54},"end":{"line":667,"column":3}},"line":663},"51":{"name":"(anonymous_51)","decl":{"start":{"line":664,"column":55},"end":{"line":664,"column":56}},"loc":{"start":{"line":665,"column":6},"end":{"line":665,"column":33}},"line":665},"52":{"name":"(anonymous_52)","decl":{"start":{"line":669,"column":2},"end":{"line":669,"column":3}},"loc":{"start":{"line":669,"column":58},"end":{"line":673,"column":3}},"line":669},"53":{"name":"(anonymous_53)","decl":{"start":{"line":671,"column":6},"end":{"line":671,"column":7}},"loc":{"start":{"line":671,"column":32},"end":{"line":671,"column":73}},"line":671},"54":{"name":"(anonymous_54)","decl":{"start":{"line":675,"column":2},"end":{"line":675,"column":3}},"loc":{"start":{"line":677,"column":28},"end":{"line":688,"column":3}},"line":677},"55":{"name":"(anonymous_55)","decl":{"start":{"line":690,"column":2},"end":{"line":690,"column":3}},"loc":{"start":{"line":693,"column":19},"end":{"line":698,"column":3}},"line":693},"56":{"name":"(anonymous_56)","decl":{"start":{"line":700,"column":2},"end":{"line":700,"column":3}},"loc":{"start":{"line":703,"column":19},"end":{"line":709,"column":3}},"line":703},"57":{"name":"(anonymous_57)","decl":{"start":{"line":711,"column":2},"end":{"line":711,"column":3}},"loc":{"start":{"line":713,"column":60},"end":{"line":723,"column":3}},"line":713}},"branchMap":{"0":{"loc":{"start":{"line":81,"column":4},"end":{"line":83,"column":5}},"type":"if","locations":[{"start":{"line":81,"column":4},"end":{"line":83,"column":5}},{"start":{},"end":{}}],"line":81},"1":{"loc":{"start":{"line":110,"column":4},"end":{"line":112,"column":5}},"type":"if","locations":[{"start":{"line":110,"column":4},"end":{"line":112,"column":5}},{"start":{},"end":{}}],"line":110},"2":{"loc":{"start":{"line":122,"column":4},"end":{"line":124,"column":5}},"type":"if","locations":[{"start":{"line":122,"column":4},"end":{"line":124,"column":5}},{"start":{},"end":{}}],"line":122},"3":{"loc":{"start":{"line":131,"column":4},"end":{"line":133,"column":5}},"type":"if","locations":[{"start":{"line":131,"column":4},"end":{"line":133,"column":5}},{"start":{},"end":{}}],"line":131},"4":{"loc":{"start":{"line":143,"column":4},"end":{"line":155,"column":5}},"type":"if","locations":[{"start":{"line":143,"column":4},"end":{"line":155,"column":5}},{"start":{"line":149,"column":11},"end":{"line":155,"column":5}}],"line":143},"5":{"loc":{"start":{"line":206,"column":6},"end":{"line":209,"column":23}},"type":"if","locations":[{"start":{"line":206,"column":6},"end":{"line":209,"column":23}}],"line":206},"6":{"loc":{"start":{"line":231,"column":6},"end":{"line":231,"column":30}},"type":"binary-expr","locations":[{"start":{"line":231,"column":6},"end":{"line":231,"column":22}},{"start":{"line":231,"column":26},"end":{"line":231,"column":30}}],"line":231},"7":{"loc":{"start":{"line":346,"column":11},"end":{"line":352,"column":12}},"type":"cond-expr","locations":[{"start":{"line":347,"column":8},"end":{"line":351,"column":7}},{"start":{"line":352,"column":8},"end":{"line":352,"column":12}}],"line":346},"8":{"loc":{"start":{"line":368,"column":11},"end":{"line":374,"column":12}},"type":"cond-expr","locations":[{"start":{"line":369,"column":8},"end":{"line":373,"column":7}},{"start":{"line":374,"column":8},"end":{"line":374,"column":12}}],"line":368},"9":{"loc":{"start":{"line":393,"column":11},"end":{"line":393,"column":67}},"type":"cond-expr","locations":[{"start":{"line":393,"column":24},"end":{"line":393,"column":60}},{"start":{"line":393,"column":63},"end":{"line":393,"column":67}}],"line":393},"10":{"loc":{"start":{"line":442,"column":4},"end":{"line":461,"column":5}},"type":"if","locations":[{"start":{"line":442,"column":4},"end":{"line":461,"column":5}},{"start":{},"end":{}}],"line":442},"11":{"loc":{"start":{"line":447,"column":6},"end":{"line":451,"column":7}},"type":"if","locations":[{"start":{},"end":{}}],"line":447},"12":{"loc":{"start":{"line":455,"column":20},"end":{"line":455,"column":63}},"type":"cond-expr","locations":[{"start":{"line":455,"column":32},"end":{"line":455,"column":51}},{"start":{"line":455,"column":54},"end":{"line":455,"column":63}}],"line":455},"13":{"loc":{"start":{"line":575,"column":4},"end":{"line":586,"column":5}},"type":"if","locations":[{"start":{"line":575,"column":4},"end":{"line":586,"column":5}},{"start":{},"end":{}}],"line":575},"14":{"loc":{"start":{"line":618,"column":4},"end":{"line":620,"column":5}},"type":"if","locations":[{"start":{"line":618,"column":4},"end":{"line":620,"column":5}},{"start":{},"end":{}}],"line":618},"15":{"loc":{"start":{"line":626,"column":4},"end":{"line":628,"column":5}},"type":"if","locations":[{"start":{"line":626,"column":4},"end":{"line":628,"column":5}},{"start":{},"end":{}}],"line":626},"16":{"loc":{"start":{"line":654,"column":4},"end":{"line":656,"column":5}},"type":"if","locations":[{"start":{"line":654,"column":4},"end":{"line":656,"column":5}},{"start":{},"end":{}}],"line":654},"17":{"loc":{"start":{"line":654,"column":8},"end":{"line":654,"column":58}},"type":"binary-expr","locations":[{"start":{"line":654,"column":8},"end":{"line":654,"column":30}},{"start":{"line":654,"column":34},"end":{"line":654,"column":58}}],"line":654},"18":{"loc":{"start":{"line":658,"column":4},"end":{"line":658,"column":45}},"type":"if","locations":[{"start":{"line":658,"column":4},"end":{"line":658,"column":45}},{"start":{},"end":{}}],"line":658},"19":{"loc":{"start":{"line":683,"column":4},"end":{"line":685,"column":5}},"type":"if","locations":[{"start":{"line":683,"column":4},"end":{"line":685,"column":5}},{"start":{},"end":{}}],"line":683},"20":{"loc":{"start":{"line":719,"column":4},"end":{"line":721,"column":5}},"type":"if","locations":[{"start":{"line":719,"column":4},"end":{"line":721,"column":5}},{"start":{},"end":{}}],"line":719}},"s":{"0":1,"1":1,"2":1,"3":278,"4":0,"5":278,"6":2,"7":33,"8":33,"9":297,"10":33,"11":70,"12":70,"13":0,"14":70,"15":70,"16":70,"17":2,"18":70,"19":6,"20":6,"21":4,"22":2,"23":14,"24":14,"25":2,"26":12,"27":4,"28":8,"29":4,"30":4,"31":4,"32":70,"33":70,"34":70,"35":70,"36":70,"37":0,"38":0,"39":10,"40":10,"41":2,"42":2,"43":4,"44":4,"45":8,"46":10,"47":10,"48":4,"49":4,"50":4,"51":2,"52":4,"53":4,"54":4,"55":4,"56":4,"57":4,"58":30,"59":30,"60":30,"61":4,"62":4,"63":4,"64":12,"65":12,"66":12,"67":12,"68":12,"69":12,"70":12,"71":12,"72":8,"73":8,"74":6,"75":6,"76":4,"77":4,"78":4,"79":2,"80":2,"81":2,"82":2,"83":2,"84":2,"85":2,"86":2,"87":2,"88":2,"89":2,"90":2,"91":2,"92":2,"93":2,"94":2,"95":2,"96":2,"97":2,"98":2,"99":2,"100":2,"101":2,"102":2,"103":4,"104":4,"105":2,"106":4,"107":4,"108":6,"109":2,"110":2,"111":2,"112":6,"113":6,"114":2,"115":4,"116":6,"117":6,"118":2,"119":4,"120":6,"121":4,"122":4,"123":4,"124":2,"125":2,"126":2,"127":4,"128":4,"129":8,"130":2,"131":6,"132":6,"133":6,"134":6,"135":10,"136":6,"137":10,"138":5,"139":6,"140":6,"141":4,"142":2,"143":4,"144":2,"145":4,"146":4,"147":2,"148":2},"f":{"0":278,"1":70,"2":2,"3":33,"4":70,"5":6,"6":14,"7":4,"8":8,"9":4,"10":4,"11":70,"12":10,"13":2,"14":4,"15":4,"16":8,"17":10,"18":10,"19":4,"20":2,"21":4,"22":4,"23":30,"24":30,"25":4,"26":4,"27":12,"28":8,"29":2,"30":2,"31":2,"32":2,"33":2,"34":2,"35":2,"36":2,"37":2,"38":2,"39":2,"40":4,"41":6,"42":2,"43":2,"44":6,"45":6,"46":6,"47":4,"48":4,"49":8,"50":10,"51":6,"52":10,"53":5,"54":6,"55":4,"56":2,"57":4},"b":{"0":[0,278],"1":[0,70],"2":[2,68],"3":[4,2],"4":[2,12],"5":[0],"6":[10,6],"7":[2,2],"8":[2,2],"9":[2,2],"10":[6,2],"11":[4],"12":[2,2],"13":[2,2],"14":[2,4],"15":[2,4],"16":[2,6],"17":[8,6],"18":[6,0],"19":[4,2],"20":[2,2]},"_coverageSchema":"1a1c01bbd47fc00a2c39e90264f33305004495a9","hash":"a3dc640b7fba5f2ccefadc00735ecdc2c016f672"}
,"/Users/ribo/Projects/personal/pluto-encrypted/packages/database/src/schemas/Credential.ts": {"path":"/Users/ribo/Projects/personal/pluto-encrypted/packages/database/src/schemas/Credential.ts","statementMap":{"0":{"start":{"line":35,"column":55},"end":{"line":80,"column":1}},"1":{"start":{"line":87,"column":56},"end":{"line":111,"column":1}},"2":{"start":{"line":89,"column":4},"end":{"line":109,"column":5}},"3":{"start":{"line":90,"column":24},"end":{"line":90,"column":67}},"4":{"start":{"line":91,"column":21},"end":{"line":91,"column":42}},"5":{"start":{"line":92,"column":6},"end":{"line":92,"column":54}},"6":{"start":{"line":93,"column":11},"end":{"line":109,"column":5}},"7":{"start":{"line":94,"column":29},"end":{"line":94,"column":72}},"8":{"start":{"line":95,"column":29},"end":{"line":95,"column":55}},"9":{"start":{"line":96,"column":6},"end":{"line":106,"column":9}},"10":{"start":{"line":108,"column":6},"end":{"line":108,"column":62}}},"fnMap":{"0":{"name":"toDomainCredential","decl":{"start":{"line":88,"column":31},"end":{"line":88,"column":49}},"loc":{"start":{"line":88,"column":78},"end":{"line":110,"column":3}},"line":88}},"branchMap":{"0":{"loc":{"start":{"line":89,"column":4},"end":{"line":109,"column":5}},"type":"if","locations":[{"start":{"line":89,"column":4},"end":{"line":109,"column":5}},{"start":{"line":93,"column":11},"end":{"line":109,"column":5}}],"line":89},"1":{"loc":{"start":{"line":93,"column":11},"end":{"line":109,"column":5}},"type":"if","locations":[{"start":{"line":93,"column":11},"end":{"line":109,"column":5}},{"start":{"line":107,"column":11},"end":{"line":109,"column":5}}],"line":93}},"s":{"0":1,"1":1,"2":5,"3":2,"4":2,"5":2,"6":3,"7":2,"8":2,"9":2,"10":1},"f":{"0":5},"b":{"0":[2,3],"1":[2,1]},"_coverageSchema":"1a1c01bbd47fc00a2c39e90264f33305004495a9","hash":"f874792045f3d5d67e06ae53f270dbc67efae2b3"}
,"/Users/ribo/Projects/personal/pluto-encrypted/packages/database/src/schemas/CredentialRequestMetadata.ts": {"path":"/Users/ribo/Projects/personal/pluto-encrypted/packages/database/src/schemas/CredentialRequestMetadata.ts","statementMap":{"0":{"start":{"line":25,"column":2},"end":{"line":51,"column":3}},"1":{"start":{"line":63,"column":2},"end":{"line":70,"column":3}},"2":{"start":{"line":68,"column":8},"end":{"line":68,"column":20}}},"fnMap":{"0":{"name":"toDomainCredentialRequestMetadata","decl":{"start":{"line":65,"column":15},"end":{"line":65,"column":48}},"loc":{"start":{"line":67,"column":8},"end":{"line":69,"column":7}},"line":67}},"branchMap":{},"s":{"0":1,"1":1,"2":2},"f":{"0":2},"b":{},"_coverageSchema":"1a1c01bbd47fc00a2c39e90264f33305004495a9","hash":"5ff995c1766ec0bee80e698f10fe76548f0a402d"}
,"/Users/ribo/Projects/personal/pluto-encrypted/packages/database/src/schemas/DID.ts": {"path":"/Users/ribo/Projects/personal/pluto-encrypted/packages/database/src/schemas/DID.ts","statementMap":{"0":{"start":{"line":13,"column":41},"end":{"line":41,"column":1}}},"fnMap":{},"branchMap":{},"s":{"0":1},"f":{},"b":{},"_coverageSchema":"1a1c01bbd47fc00a2c39e90264f33305004495a9","hash":"f6adf213bbfd89ac3429c37d10f097745e06c677"}
,"/Users/ribo/Projects/personal/pluto-encrypted/packages/database/src/schemas/DIDPair.ts": {"path":"/Users/ribo/Projects/personal/pluto-encrypted/packages/database/src/schemas/DIDPair.ts","statementMap":{"0":{"start":{"line":11,"column":49},"end":{"line":29,"column":1}}},"fnMap":{},"branchMap":{},"s":{"0":1},"f":{},"b":{},"_coverageSchema":"1a1c01bbd47fc00a2c39e90264f33305004495a9","hash":"90115c34a8cc2e51a8523b27ddb99915581e0df5"}
,"/Users/ribo/Projects/personal/pluto-encrypted/packages/database/src/schemas/LinkSecret.ts": {"path":"/Users/ribo/Projects/personal/pluto-encrypted/packages/database/src/schemas/LinkSecret.ts","statementMap":{"0":{"start":{"line":13,"column":55},"end":{"line":28,"column":1}},"1":{"start":{"line":44,"column":56},"end":{"line":48,"column":1}},"2":{"start":{"line":46,"column":4},"end":{"line":46,"column":23}}},"fnMap":{"0":{"name":"toDomainLinkSecret","decl":{"start":{"line":45,"column":31},"end":{"line":45,"column":49}},"loc":{"start":{"line":45,"column":76},"end":{"line":47,"column":3}},"line":45}},"branchMap":{},"s":{"0":1,"1":1,"2":4},"f":{"0":4},"b":{},"_coverageSchema":"1a1c01bbd47fc00a2c39e90264f33305004495a9","hash":"384efc32427fad649ea1f060ff98b4f7a191a989"}
,"/Users/ribo/Projects/personal/pluto-encrypted/packages/database/src/schemas/Mediator.ts": {"path":"/Users/ribo/Projects/personal/pluto-encrypted/packages/database/src/schemas/Mediator.ts","statementMap":{"0":{"start":{"line":14,"column":51},"end":{"line":35,"column":1}},"1":{"start":{"line":46,"column":52},"end":{"line":54,"column":1}},"2":{"start":{"line":48,"column":4},"end":{"line":52,"column":6}}},"fnMap":{"0":{"name":"toDomainMediator","decl":{"start":{"line":47,"column":29},"end":{"line":47,"column":45}},"loc":{"start":{"line":47,"column":72},"end":{"line":53,"column":3}},"line":47}},"branchMap":{},"s":{"0":1,"1":1,"2":6},"f":{"0":6},"b":{},"_coverageSchema":"1a1c01bbd47fc00a2c39e90264f33305004495a9","hash":"7146a313eac3a55d2da26970b38e0c893e8e93c6"}
,"/Users/ribo/Projects/personal/pluto-encrypted/packages/database/src/schemas/Message.ts": {"path":"/Users/ribo/Projects/personal/pluto-encrypted/packages/database/src/schemas/Message.ts","statementMap":{"0":{"start":{"line":25,"column":49},"end":{"line":109,"column":1}},"1":{"start":{"line":121,"column":50},"end":{"line":125,"column":1}},"2":{"start":{"line":123,"column":4},"end":{"line":123,"column":57}}},"fnMap":{"0":{"name":"toDomainMessage","decl":{"start":{"line":122,"column":28},"end":{"line":122,"column":43}},"loc":{"start":{"line":122,"column":67},"end":{"line":124,"column":3}},"line":122}},"branchMap":{},"s":{"0":1,"1":1,"2":26},"f":{"0":26},"b":{},"_coverageSchema":"1a1c01bbd47fc00a2c39e90264f33305004495a9","hash":"7061462dc253ca512ee0900f77a98a9a3c28c3a5"}
,"/Users/ribo/Projects/personal/pluto-encrypted/packages/database/src/schemas/PrivateKey.ts": {"path":"/Users/ribo/Projects/personal/pluto-encrypted/packages/database/src/schemas/PrivateKey.ts","statementMap":{"0":{"start":{"line":26,"column":48},"end":{"line":61,"column":1}},"1":{"start":{"line":75,"column":56},"end":{"line":174,"column":1}},"2":{"start":{"line":77,"column":39},"end":{"line":77,"column":43}},"3":{"start":{"line":78,"column":18},"end":{"line":80,"column":5}},"4":{"start":{"line":79,"column":16},"end":{"line":79,"column":49}},"5":{"start":{"line":81,"column":16},"end":{"line":83,"column":5}},"6":{"start":{"line":82,"column":16},"end":{"line":82,"column":50}},"7":{"start":{"line":84,"column":4},"end":{"line":86,"column":5}},"8":{"start":{"line":85,"column":6},"end":{"line":85,"column":64}},"9":{"start":{"line":87,"column":4},"end":{"line":89,"column":5}},"10":{"start":{"line":88,"column":6},"end":{"line":88,"column":45}},"11":{"start":{"line":91,"column":4},"end":{"line":97,"column":5}},"12":{"start":{"line":96,"column":6},"end":{"line":96,"column":58}},"13":{"start":{"line":99,"column":4},"end":{"line":101,"column":5}},"14":{"start":{"line":100,"column":6},"end":{"line":100,"column":43}},"15":{"start":{"line":104,"column":4},"end":{"line":155,"column":5}},"16":{"start":{"line":106,"column":6},"end":{"line":140,"column":7}},"17":{"start":{"line":107,"column":22},"end":{"line":109,"column":9}},"18":{"start":{"line":108,"column":20},"end":{"line":108,"column":53}},"19":{"start":{"line":110,"column":21},"end":{"line":112,"column":9}},"20":{"start":{"line":111,"column":20},"end":{"line":111,"column":52}},"21":{"start":{"line":114,"column":27},"end":{"line":116,"column":9}},"22":{"start":{"line":118,"column":8},"end":{"line":118,"column":80}},"23":{"start":{"line":120,"column":8},"end":{"line":123,"column":10}},"24":{"start":{"line":125,"column":8},"end":{"line":130,"column":9}},"25":{"start":{"line":126,"column":10},"end":{"line":129,"column":12}},"26":{"start":{"line":132,"column":8},"end":{"line":137,"column":9}},"27":{"start":{"line":133,"column":10},"end":{"line":136,"column":12}},"28":{"start":{"line":139,"column":8},"end":{"line":139,"column":26}},"29":{"start":{"line":143,"column":6},"end":{"line":154,"column":7}},"30":{"start":{"line":144,"column":27},"end":{"line":144,"column":79}},"31":{"start":{"line":146,"column":8},"end":{"line":146,"column":80}},"32":{"start":{"line":148,"column":8},"end":{"line":151,"column":10}},"33":{"start":{"line":153,"column":8},"end":{"line":153,"column":26}},"34":{"start":{"line":158,"column":4},"end":{"line":169,"column":5}},"35":{"start":{"line":159,"column":25},"end":{"line":159,"column":76}},"36":{"start":{"line":161,"column":6},"end":{"line":161,"column":78}},"37":{"start":{"line":163,"column":6},"end":{"line":166,"column":8}},"38":{"start":{"line":168,"column":6},"end":{"line":168,"column":24}}},"fnMap":{"0":{"name":"toDomainPrivateKey","decl":{"start":{"line":76,"column":31},"end":{"line":76,"column":49}},"loc":{"start":{"line":76,"column":76},"end":{"line":173,"column":3}},"line":76},"1":{"name":"(anonymous_1)","decl":{"start":{"line":79,"column":6},"end":{"line":79,"column":7}},"loc":{"start":{"line":79,"column":16},"end":{"line":79,"column":49}},"line":79},"2":{"name":"(anonymous_2)","decl":{"start":{"line":82,"column":6},"end":{"line":82,"column":7}},"loc":{"start":{"line":82,"column":16},"end":{"line":82,"column":50}},"line":82},"3":{"name":"(anonymous_3)","decl":{"start":{"line":108,"column":10},"end":{"line":108,"column":11}},"loc":{"start":{"line":108,"column":20},"end":{"line":108,"column":53}},"line":108},"4":{"name":"(anonymous_4)","decl":{"start":{"line":111,"column":10},"end":{"line":111,"column":11}},"loc":{"start":{"line":111,"column":20},"end":{"line":111,"column":52}},"line":111}},"branchMap":{"0":{"loc":{"start":{"line":84,"column":4},"end":{"line":86,"column":5}},"type":"if","locations":[{"start":{"line":84,"column":4},"end":{"line":86,"column":5}},{"start":{},"end":{}}],"line":84},"1":{"loc":{"start":{"line":85,"column":41},"end":{"line":85,"column":60}},"type":"binary-expr","locations":[{"start":{"line":85,"column":41},"end":{"line":85,"column":45}},{"start":{"line":85,"column":49},"end":{"line":85,"column":60}}],"line":85},"2":{"loc":{"start":{"line":87,"column":4},"end":{"line":89,"column":5}},"type":"if","locations":[{"start":{"line":87,"column":4},"end":{"line":89,"column":5}},{"start":{},"end":{}}],"line":87},"3":{"loc":{"start":{"line":91,"column":4},"end":{"line":97,"column":5}},"type":"if","locations":[{"start":{"line":91,"column":4},"end":{"line":97,"column":5}},{"start":{},"end":{}}],"line":91},"4":{"loc":{"start":{"line":92,"column":6},"end":{"line":94,"column":41}},"type":"binary-expr","locations":[{"start":{"line":92,"column":6},"end":{"line":92,"column":44}},{"start":{"line":93,"column":6},"end":{"line":93,"column":42}},{"start":{"line":94,"column":6},"end":{"line":94,"column":41}}],"line":92},"5":{"loc":{"start":{"line":99,"column":4},"end":{"line":101,"column":5}},"type":"if","locations":[{"start":{"line":99,"column":4},"end":{"line":101,"column":5}},{"start":{},"end":{}}],"line":99},"6":{"loc":{"start":{"line":104,"column":4},"end":{"line":155,"column":5}},"type":"if","locations":[{"start":{"line":104,"column":4},"end":{"line":155,"column":5}}],"line":104},"7":{"loc":{"start":{"line":106,"column":6},"end":{"line":140,"column":7}},"type":"if","locations":[{"start":{"line":106,"column":6},"end":{"line":140,"column":7}}],"line":106},"8":{"loc":{"start":{"line":125,"column":8},"end":{"line":130,"column":9}},"type":"if","locations":[{"start":{"line":125,"column":8},"end":{"line":130,"column":9}},{"start":{},"end":{}}],"line":125},"9":{"loc":{"start":{"line":132,"column":8},"end":{"line":137,"column":9}},"type":"if","locations":[{"start":{"line":132,"column":8},"end":{"line":137,"column":9}},{"start":{},"end":{}}],"line":132},"10":{"loc":{"start":{"line":143,"column":6},"end":{"line":154,"column":7}},"type":"if","locations":[{"start":{"line":143,"column":6},"end":{"line":154,"column":7}}],"line":143},"11":{"loc":{"start":{"line":158,"column":4},"end":{"line":169,"column":5}},"type":"if","locations":[{"start":{"line":158,"column":4},"end":{"line":169,"column":5}}],"line":158}},"s":{"0":1,"1":1,"2":48,"3":48,"4":90,"5":48,"6":54,"7":48,"8":4,"9":44,"10":2,"11":42,"12":2,"13":40,"14":2,"15":38,"16":32,"17":24,"18":50,"19":24,"20":72,"21":24,"22":24,"23":24,"24":24,"25":22,"26":24,"27":2,"28":24,"29":8,"30":8,"31":8,"32":8,"33":8,"34":6,"35":6,"36":6,"37":6,"38":6},"f":{"0":48,"1":90,"2":54,"3":50,"4":72},"b":{"0":[4,44],"1":[4,2],"2":[2,42],"3":[2,40],"4":[42,18,8],"5":[2,38],"6":[32],"7":[24],"8":[22,2],"9":[2,22],"10":[8],"11":[6]},"_coverageSchema":"1a1c01bbd47fc00a2c39e90264f33305004495a9","hash":"876718137bd5b0232472c123dcd847d10bc9b8dd"}
,"/Users/ribo/Projects/personal/pluto-encrypted/packages/database/tests/fixtures.ts": {"path":"/Users/ribo/Projects/personal/pluto-encrypted/packages/database/tests/fixtures.ts","statementMap":{"0":{"start":{"line":10,"column":23},"end":{"line":15,"column":1}},"1":{"start":{"line":16,"column":25},"end":{"line":19,"column":1}},"2":{"start":{"line":21,"column":26},"end":{"line":23,"column":1}},"3":{"start":{"line":24,"column":23},"end":{"line":27,"column":1}},"4":{"start":{"line":29,"column":25},"end":{"line":31,"column":1}},"5":{"start":{"line":32,"column":22},"end":{"line":35,"column":1}},"6":{"start":{"line":38,"column":2},"end":{"line":38,"column":81}},"7":{"start":{"line":40,"column":47},"end":{"line":45,"column":1}},"8":{"start":{"line":47,"column":24},"end":{"line":47,"column":53}},"9":{"start":{"line":48,"column":23},"end":{"line":48,"column":45}},"10":{"start":{"line":49,"column":25},"end":{"line":49,"column":56}},"11":{"start":{"line":51,"column":59},"end":{"line":75,"column":1}},"12":{"start":{"line":77,"column":62},"end":{"line":105,"column":1}},"13":{"start":{"line":107,"column":24},"end":{"line":107,"column":48}},"14":{"start":{"line":109,"column":32},"end":{"line":170,"column":1}},"15":{"start":{"line":114,"column":13},"end":{"line":157,"column":3}},"16":{"start":{"line":159,"column":26},"end":{"line":167,"column":3}},"17":{"start":{"line":169,"column":2},"end":{"line":169,"column":20}},"18":{"start":{"line":171,"column":71},"end":{"line":178,"column":1}},"19":{"start":{"line":180,"column":67},"end":{"line":206,"column":1}},"20":{"start":{"line":208,"column":38},"end":{"line":210,"column":1}},"21":{"start":{"line":209,"column":2},"end":{"line":209,"column":26}},"22":{"start":{"line":212,"column":41},"end":{"line":216,"column":1}},"23":{"start":{"line":213,"column":15},"end":{"line":213,"column":35}},"24":{"start":{"line":214,"column":18},"end":{"line":214,"column":35}},"25":{"start":{"line":215,"column":2},"end":{"line":215,"column":17}}},"fnMap":{"0":{"name":"(anonymous_0)","decl":{"start":{"line":109,"column":32},"end":{"line":109,"column":33}},"loc":{"start":{"line":113,"column":5},"end":{"line":170,"column":1}},"line":113},"1":{"name":"(anonymous_1)","decl":{"start":{"line":208,"column":38},"end":{"line":208,"column":39}},"loc":{"start":{"line":208,"column":44},"end":{"line":210,"column":1}},"line":208},"2":{"name":"(anonymous_2)","decl":{"start":{"line":212,"column":41},"end":{"line":212,"column":42}},"loc":{"start":{"line":212,"column":59},"end":{"line":216,"column":1}},"line":212}},"branchMap":{},"s":{"0":1,"1":1,"2":1,"3":1,"4":1,"5":1,"6":1,"7":1,"8":1,"9":1,"10":1,"11":1,"12":1,"13":1,"14":1,"15":2,"16":2,"17":2,"18":1,"19":1,"20":1,"21":4,"22":1,"23":0,"24":0,"25":0},"f":{"0":2,"1":4,"2":0},"b":{},"_coverageSchema":"1a1c01bbd47fc00a2c39e90264f33305004495a9","hash":"b6e2867ba61b0833735685d359eff5317924fda7"}
,"/Users/ribo/Projects/personal/pluto-encrypted/packages/database/tests/setup.ts": {"path":"/Users/ribo/Projects/personal/pluto-encrypted/packages/database/tests/setup.ts","statementMap":{"0":{"start":{"line":7,"column":0},"end":{"line":9,"column":1}},"1":{"start":{"line":8,"column":2},"end":{"line":8,"column":33}},"2":{"start":{"line":11,"column":0},"end":{"line":15,"column":3}},"3":{"start":{"line":13,"column":30},"end":{"line":13,"column":61}},"4":{"start":{"line":17,"column":0},"end":{"line":17,"column":52}}},"fnMap":{"0":{"name":"(anonymous_0)","decl":{"start":{"line":13,"column":21},"end":{"line":13,"column":22}},"loc":{"start":{"line":13,"column":30},"end":{"line":13,"column":61}},"line":13}},"branchMap":{"0":{"loc":{"start":{"line":7,"column":0},"end":{"line":9,"column":1}},"type":"if","locations":[{"start":{"line":7,"column":0},"end":{"line":9,"column":1}},{"start":{},"end":{}}],"line":7}},"s":{"0":1,"1":1,"2":1,"3":156,"4":1},"f":{"0":156},"b":{"0":[1,0]},"_coverageSchema":"1a1c01bbd47fc00a2c39e90264f33305004495a9","hash":"fa5a850db34981ec620dec8586480148e5e68229"}
}
