{"/Users/ribo/Projects/personal/pluto-encrypted/packages/database/src/index.ts": {"path":"/Users/ribo/Projects/personal/pluto-encrypted/packages/database/src/index.ts","statementMap":{"0":{"start":{"line":48,"column":0},"end":{"line":48,"column":33}},"1":{"start":{"line":49,"column":0},"end":{"line":49,"column":36}},"2":{"start":{"line":51,"column":0},"end":{"line":51,"column":32}},"3":{"start":{"line":81,"column":4},"end":{"line":83,"column":5}},"4":{"start":{"line":82,"column":6},"end":{"line":82,"column":44}},"5":{"start":{"line":84,"column":4},"end":{"line":84,"column":20}},"6":{"start":{"line":90,"column":4},"end":{"line":90,"column":32}},"7":{"start":{"line":94,"column":21},"end":{"line":94,"column":66}},"8":{"start":{"line":95,"column":4},"end":{"line":97,"column":5}},"9":{"start":{"line":96,"column":6},"end":{"line":96,"column":30}},"10":{"start":{"line":98,"column":4},"end":{"line":98,"column":65}},"11":{"start":{"line":109,"column":57},"end":{"line":109,"column":64}},"12":{"start":{"line":110,"column":4},"end":{"line":112,"column":5}},"13":{"start":{"line":111,"column":6},"end":{"line":111,"column":57}},"14":{"start":{"line":113,"column":21},"end":{"line":118,"column":6}},"15":{"start":{"line":120,"column":4},"end":{"line":120,"column":27}},"16":{"start":{"line":122,"column":4},"end":{"line":124,"column":5}},"17":{"start":{"line":123,"column":6},"end":{"line":123,"column":47}},"18":{"start":{"line":126,"column":4},"end":{"line":126,"column":20}},"19":{"start":{"line":130,"column":20},"end":{"line":130,"column":77}},"20":{"start":{"line":131,"column":4},"end":{"line":133,"column":5}},"21":{"start":{"line":132,"column":6},"end":{"line":132,"column":39}},"22":{"start":{"line":134,"column":4},"end":{"line":134,"column":16}},"23":{"start":{"line":138,"column":21},"end":{"line":141,"column":13}},"24":{"start":{"line":143,"column":4},"end":{"line":155,"column":5}},"25":{"start":{"line":144,"column":6},"end":{"line":148,"column":9}},"26":{"start":{"line":150,"column":6},"end":{"line":154,"column":9}},"27":{"start":{"line":159,"column":4},"end":{"line":161,"column":5}},"28":{"start":{"line":160,"column":6},"end":{"line":160,"column":38}},"29":{"start":{"line":165,"column":21},"end":{"line":165,"column":57}},"30":{"start":{"line":166,"column":4},"end":{"line":166,"column":64}},"31":{"start":{"line":166,"column":37},"end":{"line":166,"column":62}},"32":{"start":{"line":170,"column":26},"end":{"line":170,"column":30}},"33":{"start":{"line":171,"column":4},"end":{"line":212,"column":5}},"34":{"start":{"line":172,"column":23},"end":{"line":172,"column":71}},"35":{"start":{"line":173,"column":6},"end":{"line":204,"column":9}},"36":{"start":{"line":205,"column":6},"end":{"line":205,"column":26}},"37":{"start":{"line":208,"column":6},"end":{"line":211,"column":23}},"38":{"start":{"line":209,"column":8},"end":{"line":209,"column":50}},"39":{"start":{"line":222,"column":4},"end":{"line":228,"column":7}},"40":{"start":{"line":229,"column":4},"end":{"line":234,"column":6}},"41":{"start":{"line":241,"column":4},"end":{"line":246,"column":7}},"42":{"start":{"line":248,"column":4},"end":{"line":273,"column":6}},"43":{"start":{"line":250,"column":8},"end":{"line":271,"column":10}},"44":{"start":{"line":255,"column":35},"end":{"line":262,"column":13}},"45":{"start":{"line":281,"column":4},"end":{"line":285,"column":7}},"46":{"start":{"line":294,"column":4},"end":{"line":320,"column":7}},"47":{"start":{"line":299,"column":31},"end":{"line":306,"column":9}},"48":{"start":{"line":324,"column":29},"end":{"line":324,"column":35}},"49":{"start":{"line":325,"column":20},"end":{"line":325,"column":56}},"50":{"start":{"line":326,"column":4},"end":{"line":329,"column":6}},"51":{"start":{"line":328,"column":8},"end":{"line":328,"column":79}},"52":{"start":{"line":333,"column":29},"end":{"line":333,"column":35}},"53":{"start":{"line":334,"column":20},"end":{"line":346,"column":13}},"54":{"start":{"line":348,"column":4},"end":{"line":354,"column":13}},"55":{"start":{"line":358,"column":29},"end":{"line":358,"column":35}},"56":{"start":{"line":359,"column":20},"end":{"line":368,"column":13}},"57":{"start":{"line":370,"column":4},"end":{"line":376,"column":13}},"58":{"start":{"line":382,"column":4},"end":{"line":382,"column":43}},"59":{"start":{"line":386,"column":24},"end":{"line":389,"column":13}},"60":{"start":{"line":390,"column":4},"end":{"line":390,"column":53}},"61":{"start":{"line":394,"column":23},"end":{"line":394,"column":79}},"62":{"start":{"line":395,"column":4},"end":{"line":395,"column":68}},"63":{"start":{"line":403,"column":4},"end":{"line":408,"column":7}},"64":{"start":{"line":412,"column":17},"end":{"line":412,"column":76}},"65":{"start":{"line":414,"column":48},"end":{"line":414,"column":50}},"66":{"start":{"line":416,"column":4},"end":{"line":432,"column":5}},"67":{"start":{"line":417,"column":29},"end":{"line":419,"column":7}},"68":{"start":{"line":421,"column":6},"end":{"line":431,"column":7}},"69":{"start":{"line":422,"column":26},"end":{"line":422,"column":77}},"70":{"start":{"line":424,"column":8},"end":{"line":430,"column":10}},"71":{"start":{"line":434,"column":4},"end":{"line":434,"column":24}},"72":{"start":{"line":439,"column":18},"end":{"line":442,"column":13}},"73":{"start":{"line":444,"column":4},"end":{"line":463,"column":5}},"74":{"start":{"line":445,"column":26},"end":{"line":447,"column":7}},"75":{"start":{"line":449,"column":6},"end":{"line":453,"column":7}},"76":{"start":{"line":454,"column":24},"end":{"line":456,"column":48}},"77":{"start":{"line":457,"column":20},"end":{"line":457,"column":63}},"78":{"start":{"line":458,"column":6},"end":{"line":462,"column":8}},"79":{"start":{"line":465,"column":4},"end":{"line":465,"column":16}},"80":{"start":{"line":469,"column":17},"end":{"line":469,"column":73}},"81":{"start":{"line":470,"column":48},"end":{"line":470,"column":50}},"82":{"start":{"line":471,"column":4},"end":{"line":485,"column":5}},"83":{"start":{"line":472,"column":29},"end":{"line":474,"column":7}},"84":{"start":{"line":475,"column":6},"end":{"line":484,"column":7}},"85":{"start":{"line":476,"column":26},"end":{"line":476,"column":77}},"86":{"start":{"line":477,"column":8},"end":{"line":483,"column":10}},"87":{"start":{"line":486,"column":4},"end":{"line":486,"column":24}},"88":{"start":{"line":490,"column":21},"end":{"line":502,"column":13}},"89":{"start":{"line":503,"column":4},"end":{"line":503,"column":64}},"90":{"start":{"line":503,"column":37},"end":{"line":503,"column":62}},"91":{"start":{"line":507,"column":21},"end":{"line":516,"column":13}},"92":{"start":{"line":517,"column":4},"end":{"line":517,"column":64}},"93":{"start":{"line":517,"column":37},"end":{"line":517,"column":62}},"94":{"start":{"line":521,"column":21},"end":{"line":530,"column":13}},"95":{"start":{"line":531,"column":4},"end":{"line":531,"column":64}},"96":{"start":{"line":531,"column":37},"end":{"line":531,"column":62}},"97":{"start":{"line":535,"column":21},"end":{"line":547,"column":13}},"98":{"start":{"line":548,"column":4},"end":{"line":548,"column":64}},"99":{"start":{"line":548,"column":37},"end":{"line":548,"column":62}},"100":{"start":{"line":552,"column":21},"end":{"line":564,"column":13}},"101":{"start":{"line":565,"column":4},"end":{"line":565,"column":64}},"102":{"start":{"line":565,"column":37},"end":{"line":565,"column":62}},"103":{"start":{"line":572,"column":59},"end":{"line":576,"column":5}},"104":{"start":{"line":577,"column":4},"end":{"line":588,"column":5}},"105":{"start":{"line":578,"column":6},"end":{"line":587,"column":9}},"106":{"start":{"line":589,"column":21},"end":{"line":594,"column":13}},"107":{"start":{"line":595,"column":4},"end":{"line":595,"column":64}},"108":{"start":{"line":595,"column":37},"end":{"line":595,"column":62}},"109":{"start":{"line":602,"column":21},"end":{"line":614,"column":13}},"110":{"start":{"line":615,"column":4},"end":{"line":615,"column":64}},"111":{"start":{"line":615,"column":37},"end":{"line":615,"column":62}},"112":{"start":{"line":619,"column":18},"end":{"line":619,"column":56}},"113":{"start":{"line":620,"column":4},"end":{"line":622,"column":5}},"114":{"start":{"line":621,"column":6},"end":{"line":621,"column":18}},"115":{"start":{"line":623,"column":4},"end":{"line":623,"column":31}},"116":{"start":{"line":627,"column":20},"end":{"line":627,"column":48}},"117":{"start":{"line":628,"column":4},"end":{"line":630,"column":5}},"118":{"start":{"line":629,"column":6},"end":{"line":629,"column":15}},"119":{"start":{"line":631,"column":4},"end":{"line":631,"column":69}},"120":{"start":{"line":631,"column":47},"end":{"line":631,"column":66}},"121":{"start":{"line":635,"column":39},"end":{"line":635,"column":41}},"122":{"start":{"line":636,"column":17},"end":{"line":636,"column":75}},"123":{"start":{"line":637,"column":4},"end":{"line":651,"column":5}},"124":{"start":{"line":638,"column":22},"end":{"line":638,"column":52}},"125":{"start":{"line":639,"column":19},"end":{"line":639,"column":61}},"126":{"start":{"line":640,"column":6},"end":{"line":650,"column":8}},"127":{"start":{"line":643,"column":29},"end":{"line":648,"column":11}},"128":{"start":{"line":652,"column":4},"end":{"line":652,"column":20}},"129":{"start":{"line":656,"column":4},"end":{"line":658,"column":5}},"130":{"start":{"line":657,"column":6},"end":{"line":657,"column":52}},"131":{"start":{"line":659,"column":21},"end":{"line":659,"column":44}},"132":{"start":{"line":660,"column":4},"end":{"line":660,"column":45}},"133":{"start":{"line":660,"column":22},"end":{"line":660,"column":45}},"134":{"start":{"line":662,"column":4},"end":{"line":662,"column":47}},"135":{"start":{"line":666,"column":4},"end":{"line":668,"column":6}},"136":{"start":{"line":667,"column":6},"end":{"line":667,"column":33}},"137":{"start":{"line":672,"column":4},"end":{"line":674,"column":6}},"138":{"start":{"line":673,"column":32},"end":{"line":673,"column":73}},"139":{"start":{"line":680,"column":23},"end":{"line":683,"column":13}},"140":{"start":{"line":685,"column":4},"end":{"line":687,"column":5}},"141":{"start":{"line":686,"column":6},"end":{"line":686,"column":45}},"142":{"start":{"line":689,"column":4},"end":{"line":689,"column":16}},"143":{"start":{"line":696,"column":4},"end":{"line":699,"column":7}},"144":{"start":{"line":706,"column":4},"end":{"line":710,"column":7}},"145":{"start":{"line":716,"column":38},"end":{"line":719,"column":13}},"146":{"start":{"line":721,"column":4},"end":{"line":723,"column":5}},"147":{"start":{"line":722,"column":6},"end":{"line":722,"column":75}},"148":{"start":{"line":724,"column":4},"end":{"line":724,"column":16}}},"fnMap":{"0":{"name":"(anonymous_0)","decl":{"start":{"line":80,"column":2},"end":{"line":80,"column":3}},"loc":{"start":{"line":80,"column":11},"end":{"line":85,"column":3}},"line":80},"1":{"name":"(anonymous_1)","decl":{"start":{"line":87,"column":2},"end":{"line":87,"column":3}},"loc":{"start":{"line":87,"column":52},"end":{"line":87,"column":55}},"line":87},"2":{"name":"(anonymous_2)","decl":{"start":{"line":89,"column":2},"end":{"line":89,"column":3}},"loc":{"start":{"line":89,"column":17},"end":{"line":91,"column":3}},"line":89},"3":{"name":"(anonymous_3)","decl":{"start":{"line":93,"column":2},"end":{"line":93,"column":3}},"loc":{"start":{"line":93,"column":16},"end":{"line":99,"column":3}},"line":93},"4":{"name":"(anonymous_4)","decl":{"start":{"line":101,"column":2},"end":{"line":101,"column":3}},"loc":{"start":{"line":108,"column":4},"end":{"line":127,"column":3}},"line":108},"5":{"name":"(anonymous_5)","decl":{"start":{"line":129,"column":2},"end":{"line":129,"column":3}},"loc":{"start":{"line":129,"column":63},"end":{"line":135,"column":3}},"line":129},"6":{"name":"(anonymous_6)","decl":{"start":{"line":137,"column":2},"end":{"line":137,"column":3}},"loc":{"start":{"line":137,"column":61},"end":{"line":156,"column":3}},"line":137},"7":{"name":"(anonymous_7)","decl":{"start":{"line":158,"column":2},"end":{"line":158,"column":3}},"loc":{"start":{"line":158,"column":65},"end":{"line":162,"column":3}},"line":158},"8":{"name":"(anonymous_8)","decl":{"start":{"line":164,"column":2},"end":{"line":164,"column":3}},"loc":{"start":{"line":164,"column":52},"end":{"line":167,"column":3}},"line":164},"9":{"name":"(anonymous_9)","decl":{"start":{"line":166,"column":24},"end":{"line":166,"column":25}},"loc":{"start":{"line":166,"column":37},"end":{"line":166,"column":62}},"line":166},"10":{"name":"(anonymous_10)","decl":{"start":{"line":169,"column":2},"end":{"line":169,"column":3}},"loc":{"start":{"line":169,"column":31},"end":{"line":213,"column":3}},"line":169},"11":{"name":"(anonymous_11)","decl":{"start":{"line":215,"column":2},"end":{"line":215,"column":3}},"loc":{"start":{"line":221,"column":19},"end":{"line":235,"column":3}},"line":221},"12":{"name":"(anonymous_12)","decl":{"start":{"line":237,"column":2},"end":{"line":237,"column":3}},"loc":{"start":{"line":240,"column":19},"end":{"line":274,"column":3}},"line":240},"13":{"name":"(anonymous_13)","decl":{"start":{"line":249,"column":22},"end":{"line":249,"column":23}},"loc":{"start":{"line":250,"column":8},"end":{"line":271,"column":10}},"line":250},"14":{"name":"(anonymous_14)","decl":{"start":{"line":255,"column":12},"end":{"line":255,"column":13}},"loc":{"start":{"line":255,"column":35},"end":{"line":262,"column":13}},"line":255},"15":{"name":"(anonymous_15)","decl":{"start":{"line":276,"column":2},"end":{"line":276,"column":3}},"loc":{"start":{"line":280,"column":19},"end":{"line":286,"column":3}},"line":280},"16":{"name":"(anonymous_16)","decl":{"start":{"line":288,"column":2},"end":{"line":288,"column":3}},"loc":{"start":{"line":293,"column":19},"end":{"line":321,"column":3}},"line":293},"17":{"name":"(anonymous_17)","decl":{"start":{"line":299,"column":8},"end":{"line":299,"column":9}},"loc":{"start":{"line":299,"column":31},"end":{"line":306,"column":9}},"line":299},"18":{"name":"(anonymous_18)","decl":{"start":{"line":323,"column":2},"end":{"line":323,"column":3}},"loc":{"start":{"line":323,"column":52},"end":{"line":330,"column":3}},"line":323},"19":{"name":"(anonymous_19)","decl":{"start":{"line":327,"column":6},"end":{"line":327,"column":7}},"loc":{"start":{"line":328,"column":8},"end":{"line":328,"column":79}},"line":328},"20":{"name":"(anonymous_20)","decl":{"start":{"line":332,"column":2},"end":{"line":332,"column":3}},"loc":{"start":{"line":332,"column":70},"end":{"line":355,"column":3}},"line":332},"21":{"name":"(anonymous_21)","decl":{"start":{"line":357,"column":2},"end":{"line":357,"column":3}},"loc":{"start":{"line":357,"column":68},"end":{"line":377,"column":3}},"line":357},"22":{"name":"(anonymous_22)","decl":{"start":{"line":379,"column":2},"end":{"line":379,"column":3}},"loc":{"start":{"line":381,"column":23},"end":{"line":383,"column":3}},"line":381},"23":{"name":"(anonymous_23)","decl":{"start":{"line":385,"column":2},"end":{"line":385,"column":3}},"loc":{"start":{"line":385,"column":78},"end":{"line":391,"column":3}},"line":385},"24":{"name":"(anonymous_24)","decl":{"start":{"line":393,"column":2},"end":{"line":393,"column":3}},"loc":{"start":{"line":393,"column":76},"end":{"line":396,"column":3}},"line":393},"25":{"name":"(anonymous_25)","decl":{"start":{"line":398,"column":2},"end":{"line":398,"column":3}},"loc":{"start":{"line":402,"column":19},"end":{"line":409,"column":3}},"line":402},"26":{"name":"(anonymous_26)","decl":{"start":{"line":411,"column":2},"end":{"line":411,"column":3}},"loc":{"start":{"line":411,"column":58},"end":{"line":435,"column":3}},"line":411},"27":{"name":"(anonymous_27)","decl":{"start":{"line":437,"column":2},"end":{"line":437,"column":3}},"loc":{"start":{"line":437,"column":78},"end":{"line":466,"column":3}},"line":437},"28":{"name":"(anonymous_28)","decl":{"start":{"line":468,"column":2},"end":{"line":468,"column":3}},"loc":{"start":{"line":468,"column":73},"end":{"line":487,"column":3}},"line":468},"29":{"name":"(anonymous_29)","decl":{"start":{"line":489,"column":2},"end":{"line":489,"column":3}},"loc":{"start":{"line":489,"column":72},"end":{"line":504,"column":3}},"line":489},"30":{"name":"(anonymous_30)","decl":{"start":{"line":503,"column":24},"end":{"line":503,"column":25}},"loc":{"start":{"line":503,"column":37},"end":{"line":503,"column":62}},"line":503},"31":{"name":"(anonymous_31)","decl":{"start":{"line":506,"column":2},"end":{"line":506,"column":3}},"loc":{"start":{"line":506,"column":56},"end":{"line":518,"column":3}},"line":506},"32":{"name":"(anonymous_32)","decl":{"start":{"line":517,"column":24},"end":{"line":517,"column":25}},"loc":{"start":{"line":517,"column":37},"end":{"line":517,"column":62}},"line":517},"33":{"name":"(anonymous_33)","decl":{"start":{"line":520,"column":2},"end":{"line":520,"column":3}},"loc":{"start":{"line":520,"column":60},"end":{"line":532,"column":3}},"line":520},"34":{"name":"(anonymous_34)","decl":{"start":{"line":531,"column":24},"end":{"line":531,"column":25}},"loc":{"start":{"line":531,"column":37},"end":{"line":531,"column":62}},"line":531},"35":{"name":"(anonymous_35)","decl":{"start":{"line":534,"column":2},"end":{"line":534,"column":3}},"loc":{"start":{"line":534,"column":73},"end":{"line":549,"column":3}},"line":534},"36":{"name":"(anonymous_36)","decl":{"start":{"line":548,"column":24},"end":{"line":548,"column":25}},"loc":{"start":{"line":548,"column":37},"end":{"line":548,"column":62}},"line":548},"37":{"name":"(anonymous_37)","decl":{"start":{"line":551,"column":2},"end":{"line":551,"column":3}},"loc":{"start":{"line":551,"column":79},"end":{"line":566,"column":3}},"line":551},"38":{"name":"(anonymous_38)","decl":{"start":{"line":565,"column":24},"end":{"line":565,"column":25}},"loc":{"start":{"line":565,"column":37},"end":{"line":565,"column":62}},"line":565},"39":{"name":"(anonymous_39)","decl":{"start":{"line":568,"column":2},"end":{"line":568,"column":3}},"loc":{"start":{"line":571,"column":31},"end":{"line":596,"column":3}},"line":571},"40":{"name":"(anonymous_40)","decl":{"start":{"line":595,"column":24},"end":{"line":595,"column":25}},"loc":{"start":{"line":595,"column":37},"end":{"line":595,"column":62}},"line":595},"41":{"name":"(anonymous_41)","decl":{"start":{"line":598,"column":2},"end":{"line":598,"column":3}},"loc":{"start":{"line":601,"column":31},"end":{"line":616,"column":3}},"line":601},"42":{"name":"(anonymous_42)","decl":{"start":{"line":615,"column":24},"end":{"line":615,"column":25}},"loc":{"start":{"line":615,"column":37},"end":{"line":615,"column":62}},"line":615},"43":{"name":"(anonymous_43)","decl":{"start":{"line":618,"column":2},"end":{"line":618,"column":3}},"loc":{"start":{"line":618,"column":73},"end":{"line":624,"column":3}},"line":618},"44":{"name":"(anonymous_44)","decl":{"start":{"line":626,"column":2},"end":{"line":626,"column":3}},"loc":{"start":{"line":626,"column":52},"end":{"line":632,"column":3}},"line":626},"45":{"name":"(anonymous_45)","decl":{"start":{"line":631,"column":35},"end":{"line":631,"column":36}},"loc":{"start":{"line":631,"column":47},"end":{"line":631,"column":66}},"line":631},"46":{"name":"(anonymous_46)","decl":{"start":{"line":634,"column":2},"end":{"line":634,"column":3}},"loc":{"start":{"line":634,"column":52},"end":{"line":653,"column":3}},"line":634},"47":{"name":"(anonymous_47)","decl":{"start":{"line":643,"column":19},"end":{"line":643,"column":20}},"loc":{"start":{"line":643,"column":29},"end":{"line":648,"column":11}},"line":643},"48":{"name":"(anonymous_48)","decl":{"start":{"line":655,"column":2},"end":{"line":655,"column":3}},"loc":{"start":{"line":655,"column":70},"end":{"line":663,"column":3}},"line":655},"49":{"name":"(anonymous_49)","decl":{"start":{"line":665,"column":2},"end":{"line":665,"column":3}},"loc":{"start":{"line":665,"column":54},"end":{"line":669,"column":3}},"line":665},"50":{"name":"(anonymous_50)","decl":{"start":{"line":666,"column":55},"end":{"line":666,"column":56}},"loc":{"start":{"line":667,"column":6},"end":{"line":667,"column":33}},"line":667},"51":{"name":"(anonymous_51)","decl":{"start":{"line":671,"column":2},"end":{"line":671,"column":3}},"loc":{"start":{"line":671,"column":58},"end":{"line":675,"column":3}},"line":671},"52":{"name":"(anonymous_52)","decl":{"start":{"line":673,"column":6},"end":{"line":673,"column":7}},"loc":{"start":{"line":673,"column":32},"end":{"line":673,"column":73}},"line":673},"53":{"name":"(anonymous_53)","decl":{"start":{"line":677,"column":2},"end":{"line":677,"column":3}},"loc":{"start":{"line":679,"column":28},"end":{"line":690,"column":3}},"line":679},"54":{"name":"(anonymous_54)","decl":{"start":{"line":692,"column":2},"end":{"line":692,"column":3}},"loc":{"start":{"line":695,"column":19},"end":{"line":700,"column":3}},"line":695},"55":{"name":"(anonymous_55)","decl":{"start":{"line":702,"column":2},"end":{"line":702,"column":3}},"loc":{"start":{"line":705,"column":19},"end":{"line":711,"column":3}},"line":705},"56":{"name":"(anonymous_56)","decl":{"start":{"line":713,"column":2},"end":{"line":713,"column":3}},"loc":{"start":{"line":715,"column":60},"end":{"line":725,"column":3}},"line":715}},"branchMap":{"0":{"loc":{"start":{"line":81,"column":4},"end":{"line":83,"column":5}},"type":"if","locations":[{"start":{"line":81,"column":4},"end":{"line":83,"column":5}},{"start":{},"end":{}}],"line":81},"1":{"loc":{"start":{"line":110,"column":4},"end":{"line":112,"column":5}},"type":"if","locations":[{"start":{"line":110,"column":4},"end":{"line":112,"column":5}},{"start":{},"end":{}}],"line":110},"2":{"loc":{"start":{"line":122,"column":4},"end":{"line":124,"column":5}},"type":"if","locations":[{"start":{"line":122,"column":4},"end":{"line":124,"column":5}},{"start":{},"end":{}}],"line":122},"3":{"loc":{"start":{"line":131,"column":4},"end":{"line":133,"column":5}},"type":"if","locations":[{"start":{"line":131,"column":4},"end":{"line":133,"column":5}},{"start":{},"end":{}}],"line":131},"4":{"loc":{"start":{"line":143,"column":4},"end":{"line":155,"column":5}},"type":"if","locations":[{"start":{"line":143,"column":4},"end":{"line":155,"column":5}},{"start":{"line":149,"column":11},"end":{"line":155,"column":5}}],"line":143},"5":{"loc":{"start":{"line":208,"column":6},"end":{"line":211,"column":23}},"type":"if","locations":[{"start":{"line":208,"column":6},"end":{"line":211,"column":23}}],"line":208},"6":{"loc":{"start":{"line":233,"column":6},"end":{"line":233,"column":30}},"type":"binary-expr","locations":[{"start":{"line":233,"column":6},"end":{"line":233,"column":22}},{"start":{"line":233,"column":26},"end":{"line":233,"column":30}}],"line":233},"7":{"loc":{"start":{"line":348,"column":11},"end":{"line":354,"column":12}},"type":"cond-expr","locations":[{"start":{"line":349,"column":8},"end":{"line":353,"column":7}},{"start":{"line":354,"column":8},"end":{"line":354,"column":12}}],"line":348},"8":{"loc":{"start":{"line":370,"column":11},"end":{"line":376,"column":12}},"type":"cond-expr","locations":[{"start":{"line":371,"column":8},"end":{"line":375,"column":7}},{"start":{"line":376,"column":8},"end":{"line":376,"column":12}}],"line":370},"9":{"loc":{"start":{"line":395,"column":11},"end":{"line":395,"column":67}},"type":"cond-expr","locations":[{"start":{"line":395,"column":24},"end":{"line":395,"column":60}},{"start":{"line":395,"column":63},"end":{"line":395,"column":67}}],"line":395},"10":{"loc":{"start":{"line":444,"column":4},"end":{"line":463,"column":5}},"type":"if","locations":[{"start":{"line":444,"column":4},"end":{"line":463,"column":5}},{"start":{},"end":{}}],"line":444},"11":{"loc":{"start":{"line":449,"column":6},"end":{"line":453,"column":7}},"type":"if","locations":[{"start":{},"end":{}}],"line":449},"12":{"loc":{"start":{"line":457,"column":20},"end":{"line":457,"column":63}},"type":"cond-expr","locations":[{"start":{"line":457,"column":32},"end":{"line":457,"column":51}},{"start":{"line":457,"column":54},"end":{"line":457,"column":63}}],"line":457},"13":{"loc":{"start":{"line":577,"column":4},"end":{"line":588,"column":5}},"type":"if","locations":[{"start":{"line":577,"column":4},"end":{"line":588,"column":5}},{"start":{},"end":{}}],"line":577},"14":{"loc":{"start":{"line":620,"column":4},"end":{"line":622,"column":5}},"type":"if","locations":[{"start":{"line":620,"column":4},"end":{"line":622,"column":5}},{"start":{},"end":{}}],"line":620},"15":{"loc":{"start":{"line":628,"column":4},"end":{"line":630,"column":5}},"type":"if","locations":[{"start":{"line":628,"column":4},"end":{"line":630,"column":5}},{"start":{},"end":{}}],"line":628},"16":{"loc":{"start":{"line":656,"column":4},"end":{"line":658,"column":5}},"type":"if","locations":[{"start":{"line":656,"column":4},"end":{"line":658,"column":5}},{"start":{},"end":{}}],"line":656},"17":{"loc":{"start":{"line":656,"column":8},"end":{"line":656,"column":58}},"type":"binary-expr","locations":[{"start":{"line":656,"column":8},"end":{"line":656,"column":30}},{"start":{"line":656,"column":34},"end":{"line":656,"column":58}}],"line":656},"18":{"loc":{"start":{"line":660,"column":4},"end":{"line":660,"column":45}},"type":"if","locations":[{"start":{"line":660,"column":4},"end":{"line":660,"column":45}},{"start":{},"end":{}}],"line":660},"19":{"loc":{"start":{"line":685,"column":4},"end":{"line":687,"column":5}},"type":"if","locations":[{"start":{"line":685,"column":4},"end":{"line":687,"column":5}},{"start":{},"end":{}}],"line":685},"20":{"loc":{"start":{"line":721,"column":4},"end":{"line":723,"column":5}},"type":"if","locations":[{"start":{"line":721,"column":4},"end":{"line":723,"column":5}},{"start":{},"end":{}}],"line":721}},"s":{"0":1,"1":1,"2":1,"3":456,"4":0,"5":456,"6":3,"7":69,"8":69,"9":621,"10":69,"11":105,"12":105,"13":0,"14":105,"15":105,"16":105,"17":3,"18":105,"19":9,"20":9,"21":6,"22":3,"23":21,"24":21,"25":3,"26":18,"27":6,"28":12,"29":6,"30":6,"31":6,"32":105,"33":105,"34":105,"35":105,"36":105,"37":0,"38":0,"39":15,"40":15,"41":3,"42":3,"43":6,"44":6,"45":12,"46":15,"47":15,"48":6,"49":6,"50":6,"51":3,"52":6,"53":6,"54":6,"55":6,"56":6,"57":6,"58":43,"59":45,"60":45,"61":6,"62":6,"63":6,"64":18,"65":18,"66":18,"67":18,"68":18,"69":18,"70":18,"71":18,"72":12,"73":12,"74":9,"75":9,"76":6,"77":6,"78":6,"79":3,"80":3,"81":3,"82":3,"83":3,"84":3,"85":3,"86":3,"87":3,"88":3,"89":3,"90":3,"91":3,"92":3,"93":3,"94":3,"95":3,"96":3,"97":3,"98":3,"99":3,"100":3,"101":3,"102":3,"103":6,"104":6,"105":3,"106":6,"107":6,"108":9,"109":3,"110":3,"111":3,"112":9,"113":9,"114":3,"115":6,"116":9,"117":9,"118":3,"119":6,"120":9,"121":6,"122":6,"123":6,"124":3,"125":3,"126":3,"127":5,"128":6,"129":12,"130":3,"131":9,"132":9,"133":9,"134":9,"135":15,"136":9,"137":15,"138":8,"139":9,"140":9,"141":6,"142":3,"143":6,"144":3,"145":6,"146":6,"147":3,"148":3},"f":{"0":456,"1":105,"2":3,"3":69,"4":105,"5":9,"6":21,"7":6,"8":6,"9":6,"10":105,"11":15,"12":3,"13":6,"14":6,"15":12,"16":15,"17":15,"18":6,"19":3,"20":6,"21":6,"22":43,"23":45,"24":6,"25":6,"26":18,"27":12,"28":3,"29":3,"30":3,"31":3,"32":3,"33":3,"34":3,"35":3,"36":3,"37":3,"38":3,"39":6,"40":9,"41":3,"42":3,"43":9,"44":9,"45":9,"46":6,"47":5,"48":12,"49":15,"50":9,"51":15,"52":8,"53":9,"54":6,"55":3,"56":6},"b":{"0":[0,456],"1":[0,105],"2":[3,102],"3":[6,3],"4":[3,18],"5":[0],"6":[15,9],"7":[3,3],"8":[3,3],"9":[3,3],"10":[9,3],"11":[6],"12":[3,3],"13":[3,3],"14":[3,6],"15":[3,6],"16":[3,9],"17":[12,9],"18":[9,0],"19":[6,3],"20":[3,3]},"_coverageSchema":"1a1c01bbd47fc00a2c39e90264f33305004495a9","hash":"1fac24566b5edb7c7010613c84960e55ae6cdc49"}
,"/Users/ribo/Projects/personal/pluto-encrypted/packages/database/src/schemas/Credential.ts": {"path":"/Users/ribo/Projects/personal/pluto-encrypted/packages/database/src/schemas/Credential.ts","statementMap":{"0":{"start":{"line":35,"column":55},"end":{"line":80,"column":1}},"1":{"start":{"line":87,"column":56},"end":{"line":111,"column":1}},"2":{"start":{"line":89,"column":4},"end":{"line":109,"column":5}},"3":{"start":{"line":90,"column":24},"end":{"line":90,"column":67}},"4":{"start":{"line":91,"column":21},"end":{"line":91,"column":42}},"5":{"start":{"line":92,"column":6},"end":{"line":92,"column":54}},"6":{"start":{"line":93,"column":11},"end":{"line":109,"column":5}},"7":{"start":{"line":94,"column":29},"end":{"line":94,"column":72}},"8":{"start":{"line":95,"column":29},"end":{"line":95,"column":55}},"9":{"start":{"line":96,"column":6},"end":{"line":106,"column":9}},"10":{"start":{"line":108,"column":6},"end":{"line":108,"column":62}}},"fnMap":{"0":{"name":"toDomainCredential","decl":{"start":{"line":88,"column":31},"end":{"line":88,"column":49}},"loc":{"start":{"line":88,"column":78},"end":{"line":110,"column":3}},"line":88}},"branchMap":{"0":{"loc":{"start":{"line":89,"column":4},"end":{"line":109,"column":5}},"type":"if","locations":[{"start":{"line":89,"column":4},"end":{"line":109,"column":5}},{"start":{"line":93,"column":11},"end":{"line":109,"column":5}}],"line":89},"1":{"loc":{"start":{"line":93,"column":11},"end":{"line":109,"column":5}},"type":"if","locations":[{"start":{"line":93,"column":11},"end":{"line":109,"column":5}},{"start":{"line":107,"column":11},"end":{"line":109,"column":5}}],"line":93}},"s":{"0":1,"1":1,"2":8,"3":3,"4":3,"5":3,"6":5,"7":3,"8":3,"9":3,"10":2},"f":{"0":8},"b":{"0":[3,5],"1":[3,2]},"_coverageSchema":"1a1c01bbd47fc00a2c39e90264f33305004495a9","hash":"f874792045f3d5d67e06ae53f270dbc67efae2b3"}
,"/Users/ribo/Projects/personal/pluto-encrypted/packages/database/src/schemas/CredentialRequestMetadata.ts": {"path":"/Users/ribo/Projects/personal/pluto-encrypted/packages/database/src/schemas/CredentialRequestMetadata.ts","statementMap":{"0":{"start":{"line":25,"column":2},"end":{"line":51,"column":3}},"1":{"start":{"line":63,"column":2},"end":{"line":70,"column":3}},"2":{"start":{"line":68,"column":8},"end":{"line":68,"column":20}}},"fnMap":{"0":{"name":"toDomainCredentialRequestMetadata","decl":{"start":{"line":65,"column":15},"end":{"line":65,"column":48}},"loc":{"start":{"line":67,"column":8},"end":{"line":69,"column":7}},"line":67}},"branchMap":{},"s":{"0":1,"1":1,"2":3},"f":{"0":3},"b":{},"_coverageSchema":"1a1c01bbd47fc00a2c39e90264f33305004495a9","hash":"5ff995c1766ec0bee80e698f10fe76548f0a402d"}
,"/Users/ribo/Projects/personal/pluto-encrypted/packages/database/src/schemas/DID.ts": {"path":"/Users/ribo/Projects/personal/pluto-encrypted/packages/database/src/schemas/DID.ts","statementMap":{"0":{"start":{"line":13,"column":41},"end":{"line":41,"column":1}}},"fnMap":{},"branchMap":{},"s":{"0":1},"f":{},"b":{},"_coverageSchema":"1a1c01bbd47fc00a2c39e90264f33305004495a9","hash":"f6adf213bbfd89ac3429c37d10f097745e06c677"}
,"/Users/ribo/Projects/personal/pluto-encrypted/packages/database/src/schemas/DIDPair.ts": {"path":"/Users/ribo/Projects/personal/pluto-encrypted/packages/database/src/schemas/DIDPair.ts","statementMap":{"0":{"start":{"line":11,"column":49},"end":{"line":29,"column":1}}},"fnMap":{},"branchMap":{},"s":{"0":1},"f":{},"b":{},"_coverageSchema":"1a1c01bbd47fc00a2c39e90264f33305004495a9","hash":"90115c34a8cc2e51a8523b27ddb99915581e0df5"}
,"/Users/ribo/Projects/personal/pluto-encrypted/packages/database/src/schemas/LinkSecret.ts": {"path":"/Users/ribo/Projects/personal/pluto-encrypted/packages/database/src/schemas/LinkSecret.ts","statementMap":{"0":{"start":{"line":13,"column":55},"end":{"line":28,"column":1}},"1":{"start":{"line":44,"column":56},"end":{"line":48,"column":1}},"2":{"start":{"line":46,"column":4},"end":{"line":46,"column":23}}},"fnMap":{"0":{"name":"toDomainLinkSecret","decl":{"start":{"line":45,"column":31},"end":{"line":45,"column":49}},"loc":{"start":{"line":45,"column":76},"end":{"line":47,"column":3}},"line":45}},"branchMap":{},"s":{"0":1,"1":1,"2":6},"f":{"0":6},"b":{},"_coverageSchema":"1a1c01bbd47fc00a2c39e90264f33305004495a9","hash":"384efc32427fad649ea1f060ff98b4f7a191a989"}
,"/Users/ribo/Projects/personal/pluto-encrypted/packages/database/src/schemas/Mediator.ts": {"path":"/Users/ribo/Projects/personal/pluto-encrypted/packages/database/src/schemas/Mediator.ts","statementMap":{"0":{"start":{"line":14,"column":51},"end":{"line":35,"column":1}},"1":{"start":{"line":46,"column":52},"end":{"line":54,"column":1}},"2":{"start":{"line":48,"column":4},"end":{"line":52,"column":6}}},"fnMap":{"0":{"name":"toDomainMediator","decl":{"start":{"line":47,"column":29},"end":{"line":47,"column":45}},"loc":{"start":{"line":47,"column":72},"end":{"line":53,"column":3}},"line":47}},"branchMap":{},"s":{"0":1,"1":1,"2":9},"f":{"0":9},"b":{},"_coverageSchema":"1a1c01bbd47fc00a2c39e90264f33305004495a9","hash":"7146a313eac3a55d2da26970b38e0c893e8e93c6"}
,"/Users/ribo/Projects/personal/pluto-encrypted/packages/database/src/schemas/Message.ts": {"path":"/Users/ribo/Projects/personal/pluto-encrypted/packages/database/src/schemas/Message.ts","statementMap":{"0":{"start":{"line":25,"column":49},"end":{"line":109,"column":1}},"1":{"start":{"line":121,"column":50},"end":{"line":125,"column":1}},"2":{"start":{"line":123,"column":4},"end":{"line":123,"column":57}}},"fnMap":{"0":{"name":"toDomainMessage","decl":{"start":{"line":122,"column":28},"end":{"line":122,"column":43}},"loc":{"start":{"line":122,"column":67},"end":{"line":124,"column":3}},"line":122}},"branchMap":{},"s":{"0":1,"1":1,"2":39},"f":{"0":39},"b":{},"_coverageSchema":"1a1c01bbd47fc00a2c39e90264f33305004495a9","hash":"7061462dc253ca512ee0900f77a98a9a3c28c3a5"}
,"/Users/ribo/Projects/personal/pluto-encrypted/packages/database/src/schemas/PrivateKey.ts": {"path":"/Users/ribo/Projects/personal/pluto-encrypted/packages/database/src/schemas/PrivateKey.ts","statementMap":{"0":{"start":{"line":26,"column":48},"end":{"line":61,"column":1}},"1":{"start":{"line":75,"column":56},"end":{"line":174,"column":1}},"2":{"start":{"line":77,"column":39},"end":{"line":77,"column":43}},"3":{"start":{"line":78,"column":18},"end":{"line":80,"column":5}},"4":{"start":{"line":79,"column":16},"end":{"line":79,"column":49}},"5":{"start":{"line":81,"column":16},"end":{"line":83,"column":5}},"6":{"start":{"line":82,"column":16},"end":{"line":82,"column":50}},"7":{"start":{"line":84,"column":4},"end":{"line":86,"column":5}},"8":{"start":{"line":85,"column":6},"end":{"line":85,"column":64}},"9":{"start":{"line":87,"column":4},"end":{"line":89,"column":5}},"10":{"start":{"line":88,"column":6},"end":{"line":88,"column":45}},"11":{"start":{"line":91,"column":4},"end":{"line":97,"column":5}},"12":{"start":{"line":96,"column":6},"end":{"line":96,"column":58}},"13":{"start":{"line":99,"column":4},"end":{"line":101,"column":5}},"14":{"start":{"line":100,"column":6},"end":{"line":100,"column":43}},"15":{"start":{"line":104,"column":4},"end":{"line":155,"column":5}},"16":{"start":{"line":106,"column":6},"end":{"line":140,"column":7}},"17":{"start":{"line":107,"column":22},"end":{"line":109,"column":9}},"18":{"start":{"line":108,"column":20},"end":{"line":108,"column":53}},"19":{"start":{"line":110,"column":21},"end":{"line":112,"column":9}},"20":{"start":{"line":111,"column":20},"end":{"line":111,"column":52}},"21":{"start":{"line":114,"column":27},"end":{"line":116,"column":9}},"22":{"start":{"line":118,"column":8},"end":{"line":118,"column":80}},"23":{"start":{"line":120,"column":8},"end":{"line":123,"column":10}},"24":{"start":{"line":125,"column":8},"end":{"line":130,"column":9}},"25":{"start":{"line":126,"column":10},"end":{"line":129,"column":12}},"26":{"start":{"line":132,"column":8},"end":{"line":137,"column":9}},"27":{"start":{"line":133,"column":10},"end":{"line":136,"column":12}},"28":{"start":{"line":139,"column":8},"end":{"line":139,"column":26}},"29":{"start":{"line":143,"column":6},"end":{"line":154,"column":7}},"30":{"start":{"line":144,"column":27},"end":{"line":144,"column":79}},"31":{"start":{"line":146,"column":8},"end":{"line":146,"column":80}},"32":{"start":{"line":148,"column":8},"end":{"line":151,"column":10}},"33":{"start":{"line":153,"column":8},"end":{"line":153,"column":26}},"34":{"start":{"line":158,"column":4},"end":{"line":169,"column":5}},"35":{"start":{"line":159,"column":25},"end":{"line":159,"column":76}},"36":{"start":{"line":161,"column":6},"end":{"line":161,"column":78}},"37":{"start":{"line":163,"column":6},"end":{"line":166,"column":8}},"38":{"start":{"line":168,"column":6},"end":{"line":168,"column":24}}},"fnMap":{"0":{"name":"toDomainPrivateKey","decl":{"start":{"line":76,"column":31},"end":{"line":76,"column":49}},"loc":{"start":{"line":76,"column":76},"end":{"line":173,"column":3}},"line":76},"1":{"name":"(anonymous_1)","decl":{"start":{"line":79,"column":6},"end":{"line":79,"column":7}},"loc":{"start":{"line":79,"column":16},"end":{"line":79,"column":49}},"line":79},"2":{"name":"(anonymous_2)","decl":{"start":{"line":82,"column":6},"end":{"line":82,"column":7}},"loc":{"start":{"line":82,"column":16},"end":{"line":82,"column":50}},"line":82},"3":{"name":"(anonymous_3)","decl":{"start":{"line":108,"column":10},"end":{"line":108,"column":11}},"loc":{"start":{"line":108,"column":20},"end":{"line":108,"column":53}},"line":108},"4":{"name":"(anonymous_4)","decl":{"start":{"line":111,"column":10},"end":{"line":111,"column":11}},"loc":{"start":{"line":111,"column":20},"end":{"line":111,"column":52}},"line":111}},"branchMap":{"0":{"loc":{"start":{"line":84,"column":4},"end":{"line":86,"column":5}},"type":"if","locations":[{"start":{"line":84,"column":4},"end":{"line":86,"column":5}},{"start":{},"end":{}}],"line":84},"1":{"loc":{"start":{"line":85,"column":41},"end":{"line":85,"column":60}},"type":"binary-expr","locations":[{"start":{"line":85,"column":41},"end":{"line":85,"column":45}},{"start":{"line":85,"column":49},"end":{"line":85,"column":60}}],"line":85},"2":{"loc":{"start":{"line":87,"column":4},"end":{"line":89,"column":5}},"type":"if","locations":[{"start":{"line":87,"column":4},"end":{"line":89,"column":5}},{"start":{},"end":{}}],"line":87},"3":{"loc":{"start":{"line":91,"column":4},"end":{"line":97,"column":5}},"type":"if","locations":[{"start":{"line":91,"column":4},"end":{"line":97,"column":5}},{"start":{},"end":{}}],"line":91},"4":{"loc":{"start":{"line":92,"column":6},"end":{"line":94,"column":41}},"type":"binary-expr","locations":[{"start":{"line":92,"column":6},"end":{"line":92,"column":44}},{"start":{"line":93,"column":6},"end":{"line":93,"column":42}},{"start":{"line":94,"column":6},"end":{"line":94,"column":41}}],"line":92},"5":{"loc":{"start":{"line":99,"column":4},"end":{"line":101,"column":5}},"type":"if","locations":[{"start":{"line":99,"column":4},"end":{"line":101,"column":5}},{"start":{},"end":{}}],"line":99},"6":{"loc":{"start":{"line":104,"column":4},"end":{"line":155,"column":5}},"type":"if","locations":[{"start":{"line":104,"column":4},"end":{"line":155,"column":5}}],"line":104},"7":{"loc":{"start":{"line":106,"column":6},"end":{"line":140,"column":7}},"type":"if","locations":[{"start":{"line":106,"column":6},"end":{"line":140,"column":7}}],"line":106},"8":{"loc":{"start":{"line":125,"column":8},"end":{"line":130,"column":9}},"type":"if","locations":[{"start":{"line":125,"column":8},"end":{"line":130,"column":9}},{"start":{},"end":{}}],"line":125},"9":{"loc":{"start":{"line":132,"column":8},"end":{"line":137,"column":9}},"type":"if","locations":[{"start":{"line":132,"column":8},"end":{"line":137,"column":9}},{"start":{},"end":{}}],"line":132},"10":{"loc":{"start":{"line":143,"column":6},"end":{"line":154,"column":7}},"type":"if","locations":[{"start":{"line":143,"column":6},"end":{"line":154,"column":7}}],"line":143},"11":{"loc":{"start":{"line":158,"column":4},"end":{"line":169,"column":5}},"type":"if","locations":[{"start":{"line":158,"column":4},"end":{"line":169,"column":5}}],"line":158}},"s":{"0":1,"1":1,"2":70,"3":70,"4":131,"5":70,"6":79,"7":70,"8":6,"9":64,"10":3,"11":61,"12":3,"13":58,"14":3,"15":55,"16":46,"17":36,"18":75,"19":36,"20":108,"21":36,"22":36,"23":36,"24":36,"25":33,"26":36,"27":3,"28":36,"29":10,"30":10,"31":10,"32":10,"33":10,"34":9,"35":9,"36":9,"37":9,"38":9},"f":{"0":70,"1":131,"2":79,"3":75,"4":108},"b":{"0":[6,64],"1":[6,3],"2":[3,61],"3":[3,58],"4":[61,25,12],"5":[3,55],"6":[46],"7":[36],"8":[33,3],"9":[3,33],"10":[10],"11":[9]},"_coverageSchema":"1a1c01bbd47fc00a2c39e90264f33305004495a9","hash":"876718137bd5b0232472c123dcd847d10bc9b8dd"}
,"/Users/ribo/Projects/personal/pluto-encrypted/packages/database/tests/fixtures.ts": {"path":"/Users/ribo/Projects/personal/pluto-encrypted/packages/database/tests/fixtures.ts","statementMap":{"0":{"start":{"line":10,"column":23},"end":{"line":15,"column":1}},"1":{"start":{"line":16,"column":25},"end":{"line":19,"column":1}},"2":{"start":{"line":21,"column":26},"end":{"line":23,"column":1}},"3":{"start":{"line":24,"column":23},"end":{"line":27,"column":1}},"4":{"start":{"line":29,"column":25},"end":{"line":31,"column":1}},"5":{"start":{"line":32,"column":22},"end":{"line":35,"column":1}},"6":{"start":{"line":38,"column":2},"end":{"line":38,"column":81}},"7":{"start":{"line":40,"column":47},"end":{"line":45,"column":1}},"8":{"start":{"line":47,"column":24},"end":{"line":47,"column":53}},"9":{"start":{"line":48,"column":23},"end":{"line":48,"column":45}},"10":{"start":{"line":49,"column":25},"end":{"line":49,"column":56}},"11":{"start":{"line":51,"column":59},"end":{"line":75,"column":1}},"12":{"start":{"line":77,"column":62},"end":{"line":105,"column":1}},"13":{"start":{"line":107,"column":24},"end":{"line":107,"column":48}},"14":{"start":{"line":109,"column":32},"end":{"line":170,"column":1}},"15":{"start":{"line":114,"column":13},"end":{"line":157,"column":3}},"16":{"start":{"line":159,"column":26},"end":{"line":167,"column":3}},"17":{"start":{"line":169,"column":2},"end":{"line":169,"column":20}},"18":{"start":{"line":171,"column":71},"end":{"line":178,"column":1}},"19":{"start":{"line":180,"column":67},"end":{"line":206,"column":1}},"20":{"start":{"line":208,"column":38},"end":{"line":210,"column":1}},"21":{"start":{"line":209,"column":2},"end":{"line":209,"column":26}},"22":{"start":{"line":212,"column":41},"end":{"line":216,"column":1}},"23":{"start":{"line":213,"column":15},"end":{"line":213,"column":35}},"24":{"start":{"line":214,"column":18},"end":{"line":214,"column":35}},"25":{"start":{"line":215,"column":2},"end":{"line":215,"column":17}}},"fnMap":{"0":{"name":"(anonymous_0)","decl":{"start":{"line":109,"column":32},"end":{"line":109,"column":33}},"loc":{"start":{"line":113,"column":5},"end":{"line":170,"column":1}},"line":113},"1":{"name":"(anonymous_1)","decl":{"start":{"line":208,"column":38},"end":{"line":208,"column":39}},"loc":{"start":{"line":208,"column":44},"end":{"line":210,"column":1}},"line":208},"2":{"name":"(anonymous_2)","decl":{"start":{"line":212,"column":41},"end":{"line":212,"column":42}},"loc":{"start":{"line":212,"column":59},"end":{"line":216,"column":1}},"line":212}},"branchMap":{},"s":{"0":1,"1":1,"2":1,"3":1,"4":1,"5":1,"6":1,"7":1,"8":1,"9":1,"10":1,"11":1,"12":1,"13":1,"14":1,"15":3,"16":3,"17":3,"18":1,"19":1,"20":1,"21":6,"22":1,"23":0,"24":0,"25":0},"f":{"0":3,"1":6,"2":0},"b":{},"_coverageSchema":"1a1c01bbd47fc00a2c39e90264f33305004495a9","hash":"b6e2867ba61b0833735685d359eff5317924fda7"}
,"/Users/ribo/Projects/personal/pluto-encrypted/packages/database/tests/setup.ts": {"path":"/Users/ribo/Projects/personal/pluto-encrypted/packages/database/tests/setup.ts","statementMap":{"0":{"start":{"line":7,"column":0},"end":{"line":9,"column":1}},"1":{"start":{"line":8,"column":2},"end":{"line":8,"column":33}},"2":{"start":{"line":11,"column":0},"end":{"line":15,"column":3}},"3":{"start":{"line":13,"column":30},"end":{"line":13,"column":61}},"4":{"start":{"line":17,"column":0},"end":{"line":17,"column":52}}},"fnMap":{"0":{"name":"(anonymous_0)","decl":{"start":{"line":13,"column":21},"end":{"line":13,"column":22}},"loc":{"start":{"line":13,"column":30},"end":{"line":13,"column":61}},"line":13}},"branchMap":{"0":{"loc":{"start":{"line":7,"column":0},"end":{"line":9,"column":1}},"type":"if","locations":[{"start":{"line":7,"column":0},"end":{"line":9,"column":1}},{"start":{},"end":{}}],"line":7}},"s":{"0":1,"1":1,"2":1,"3":234,"4":1},"f":{"0":234},"b":{"0":[1,0]},"_coverageSchema":"1a1c01bbd47fc00a2c39e90264f33305004495a9","hash":"fa5a850db34981ec620dec8586480148e5e68229"}
}
