{"total": {"lines":{"total":218,"covered":196,"skipped":0,"pct":89.9},"statements":{"total":228,"covered":202,"skipped":0,"pct":88.59},"functions":{"total":51,"covered":48,"skipped":0,"pct":94.11},"branches":{"total":86,"covered":60,"skipped":0,"pct":69.76},"branchesTrue":{"total":0,"covered":0,"skipped":0,"pct":100}}
,"/home/runner/work/pluto-encrypted/pluto-encrypted/packages/leveldb/src/index.ts": {"lines":{"total":19,"covered":19,"skipped":0,"pct":100},"functions":{"total":4,"covered":4,"skipped":0,"pct":100},"statements":{"total":19,"covered":19,"skipped":0,"pct":100},"branches":{"total":8,"covered":6,"skipped":0,"pct":75}}
,"/home/runner/work/pluto-encrypted/pluto-encrypted/packages/leveldb/src/leveldb/instance.ts": {"lines":{"total":93,"covered":89,"skipped":0,"pct":95.69},"functions":{"total":16,"covered":15,"skipped":0,"pct":93.75},"statements":{"total":99,"covered":94,"skipped":0,"pct":94.94},"branches":{"total":30,"covered":22,"skipped":0,"pct":73.33}}
,"/home/runner/work/pluto-encrypted/pluto-encrypted/packages/leveldb/src/leveldb/internal.ts": {"lines":{"total":106,"covered":88,"skipped":0,"pct":83.01},"functions":{"total":31,"covered":29,"skipped":0,"pct":93.54},"statements":{"total":110,"covered":89,"skipped":0,"pct":80.9},"branches":{"total":48,"covered":32,"skipped":0,"pct":66.66}}
}
