{"total": {"lines":{"total":145,"covered":138,"skipped":0,"pct":95.17},"statements":{"total":152,"covered":144,"skipped":0,"pct":94.73},"functions":{"total":27,"covered":26,"skipped":0,"pct":96.29},"branches":{"total":53,"covered":39,"skipped":0,"pct":73.58},"branchesTrue":{"total":0,"covered":0,"skipped":0,"pct":100}}
,"/Users/ribo/Projects/personal/pluto-encrypted/packages/inmemory/src/index.ts": {"lines":{"total":12,"covered":12,"skipped":0,"pct":100},"functions":{"total":2,"covered":2,"skipped":0,"pct":100},"statements":{"total":12,"covered":12,"skipped":0,"pct":100},"branches":{"total":5,"covered":5,"skipped":0,"pct":100}}
,"/Users/ribo/Projects/personal/pluto-encrypted/packages/inmemory/src/inMemoryStorage/instance.ts": {"lines":{"total":91,"covered":86,"skipped":0,"pct":94.5},"functions":{"total":14,"covered":13,"skipped":0,"pct":92.85},"statements":{"total":97,"covered":91,"skipped":0,"pct":93.81},"branches":{"total":34,"covered":23,"skipped":0,"pct":67.64}}
,"/Users/ribo/Projects/personal/pluto-encrypted/packages/inmemory/src/inMemoryStorage/internal.ts": {"lines":{"total":42,"covered":40,"skipped":0,"pct":95.23},"functions":{"total":11,"covered":11,"skipped":0,"pct":100},"statements":{"total":43,"covered":41,"skipped":0,"pct":95.34},"branches":{"total":14,"covered":11,"skipped":0,"pct":78.57}}
}
