{"total": {"lines":{"total":147,"covered":143,"skipped":0,"pct":97.27},"statements":{"total":153,"covered":148,"skipped":0,"pct":96.73},"functions":{"total":28,"covered":27,"skipped":0,"pct":96.42},"branches":{"total":53,"covered":43,"skipped":0,"pct":81.13},"branchesTrue":{"total":0,"covered":0,"skipped":0,"pct":100}}
,"/home/runner/work/pluto-encrypted/pluto-encrypted/packages/inmemory/src/index.ts": {"lines":{"total":12,"covered":12,"skipped":0,"pct":100},"functions":{"total":2,"covered":2,"skipped":0,"pct":100},"statements":{"total":12,"covered":12,"skipped":0,"pct":100},"branches":{"total":5,"covered":5,"skipped":0,"pct":100}}
,"/home/runner/work/pluto-encrypted/pluto-encrypted/packages/inmemory/src/inMemoryStorage/instance.ts": {"lines":{"total":93,"covered":89,"skipped":0,"pct":95.69},"functions":{"total":15,"covered":14,"skipped":0,"pct":93.33},"statements":{"total":98,"covered":93,"skipped":0,"pct":94.89},"branches":{"total":34,"covered":24,"skipped":0,"pct":70.58}}
,"/home/runner/work/pluto-encrypted/pluto-encrypted/packages/inmemory/src/inMemoryStorage/internal.ts": {"lines":{"total":42,"covered":42,"skipped":0,"pct":100},"functions":{"total":11,"covered":11,"skipped":0,"pct":100},"statements":{"total":43,"covered":43,"skipped":0,"pct":100},"branches":{"total":14,"covered":14,"skipped":0,"pct":100}}
}
