{"total": {"lines":{"total":287,"covered":220,"skipped":0,"pct":76.65},"statements":{"total":300,"covered":228,"skipped":0,"pct":76},"functions":{"total":68,"covered":52,"skipped":0,"pct":76.47},"branches":{"total":133,"covered":85,"skipped":0,"pct":63.9},"branchesTrue":{"total":0,"covered":0,"skipped":0,"pct":100}}
,"/Users/ribo/Projects/personal/pluto-encrypted/packages/indexdb/src/index.ts": {"lines":{"total":1,"covered":1,"skipped":0,"pct":100},"functions":{"total":0,"covered":0,"skipped":0,"pct":100},"statements":{"total":1,"covered":1,"skipped":0,"pct":100},"branches":{"total":0,"covered":0,"skipped":0,"pct":100}}
,"/Users/ribo/Projects/personal/pluto-encrypted/packages/indexdb/src/storage-dexie/dexie-helper.ts": {"lines":{"total":95,"covered":86,"skipped":0,"pct":90.52},"functions":{"total":22,"covered":21,"skipped":0,"pct":95.45},"statements":{"total":100,"covered":90,"skipped":0,"pct":90},"branches":{"total":48,"covered":39,"skipped":0,"pct":81.25}}
,"/Users/ribo/Projects/personal/pluto-encrypted/packages/indexdb/src/storage-dexie/dexie-query.ts": {"lines":{"total":66,"covered":29,"skipped":0,"pct":43.93},"functions":{"total":13,"covered":4,"skipped":0,"pct":30.76},"statements":{"total":70,"covered":31,"skipped":0,"pct":44.28},"branches":{"total":32,"covered":10,"skipped":0,"pct":31.25}}
,"/Users/ribo/Projects/personal/pluto-encrypted/packages/indexdb/src/storage-dexie/rx-storage-dexie.ts": {"lines":{"total":12,"covered":11,"skipped":0,"pct":91.66},"functions":{"total":3,"covered":3,"skipped":0,"pct":100},"statements":{"total":12,"covered":11,"skipped":0,"pct":91.66},"branches":{"total":5,"covered":4,"skipped":0,"pct":80}}
,"/Users/ribo/Projects/personal/pluto-encrypted/packages/indexdb/src/storage-dexie/rx-storage-instance-dexie.ts": {"lines":{"total":113,"covered":93,"skipped":0,"pct":82.3},"functions":{"total":30,"covered":24,"skipped":0,"pct":80},"statements":{"total":117,"covered":95,"skipped":0,"pct":81.19},"branches":{"total":48,"covered":32,"skipped":0,"pct":66.66}}
}
