{"total": {"lines":{"total":236,"covered":221,"skipped":0,"pct":93.64},"statements":{"total":246,"covered":228,"skipped":0,"pct":92.68},"functions":{"total":56,"covered":53,"skipped":0,"pct":94.64},"branches":{"total":105,"covered":84,"skipped":0,"pct":80},"branchesTrue":{"total":0,"covered":0,"skipped":0,"pct":100}}
,"/Users/ribo/Projects/personal/pluto-encrypted/packages/indexdb/src/index.ts": {"lines":{"total":1,"covered":1,"skipped":0,"pct":100},"functions":{"total":0,"covered":0,"skipped":0,"pct":100},"statements":{"total":1,"covered":1,"skipped":0,"pct":100},"branches":{"total":0,"covered":0,"skipped":0,"pct":100}}
,"/Users/ribo/Projects/personal/pluto-encrypted/packages/indexdb/src/storage-dexie/dexie-helper.ts": {"lines":{"total":95,"covered":86,"skipped":0,"pct":90.52},"functions":{"total":22,"covered":21,"skipped":0,"pct":95.45},"statements":{"total":100,"covered":90,"skipped":0,"pct":90},"branches":{"total":48,"covered":39,"skipped":0,"pct":81.25}}
,"/Users/ribo/Projects/personal/pluto-encrypted/packages/indexdb/src/storage-dexie/dexie-query.ts": {"lines":{"total":32,"covered":30,"skipped":0,"pct":93.75},"functions":{"total":6,"covered":5,"skipped":0,"pct":83.33},"statements":{"total":35,"covered":32,"skipped":0,"pct":91.42},"branches":{"total":14,"covered":10,"skipped":0,"pct":71.42}}
,"/Users/ribo/Projects/personal/pluto-encrypted/packages/indexdb/src/storage-dexie/rx-storage-dexie.ts": {"lines":{"total":10,"covered":10,"skipped":0,"pct":100},"functions":{"total":3,"covered":3,"skipped":0,"pct":100},"statements":{"total":10,"covered":10,"skipped":0,"pct":100},"branches":{"total":3,"covered":3,"skipped":0,"pct":100}}
,"/Users/ribo/Projects/personal/pluto-encrypted/packages/indexdb/src/storage-dexie/rx-storage-instance-dexie.ts": {"lines":{"total":98,"covered":94,"skipped":0,"pct":95.91},"functions":{"total":25,"covered":24,"skipped":0,"pct":96},"statements":{"total":100,"covered":95,"skipped":0,"pct":95},"branches":{"total":40,"covered":32,"skipped":0,"pct":80}}
}
